Aug 01, 2014 9:57:40 AM com.sun.jersey.server.impl.application.WebApplicationImpl _initiate
INFO: Initiating Jersey application, version 'Jersey: 1.9 09/02/2011 11:17 AM'
Aug 01, 2014 9:57:40 AM com.sun.jersey.server.impl.application.WebApplicationImpl _initiate
INFO: Initiating Jersey application, version 'Jersey: 1.9 09/02/2011 11:17 AM'
Aug 01, 2014 9:57:40 AM com.sun.jersey.server.impl.application.WebApplicationImpl _initiate
INFO: Initiating Jersey application, version 'Jersey: 1.9 09/02/2011 11:17 AM'
Aug 01, 2014 3:31:32 PM com.sun.jersey.spi.container.ContainerResponse mapMappableContainerException
SEVERE: The exception contained within MappableContainerException could not be mapped to a response, re-throwing to the HTTP container
java.lang.ExceptionInInitializerError
	at java.lang.Class.forName0(Native Method)
	at java.lang.Class.forName(Class.java:190)
	at jline.ConsoleReader.class$(ConsoleReader.java:39)
	at jline.ConsoleReader.<clinit>(ConsoleReader.java:38)
	at java.lang.Class.forName0(Native Method)
	at java.lang.Class.forName(Class.java:190)
	at org.neo4j.shell.impl.JLineConsole.newConsoleOrNullIfNotFound(JLineConsole.java:40)
	at org.neo4j.shell.impl.AbstractClient.init(AbstractClient.java:198)
	at org.neo4j.shell.impl.SameJvmClient.<init>(SameJvmClient.java:62)
	at org.neo4j.server.webadmin.console.ShellSession.<init>(ShellSession.java:62)
	at org.neo4j.server.webadmin.console.ShellSessionCreator.newSession(ShellSessionCreator.java:36)
	at org.neo4j.server.webadmin.rest.console.SessionFactoryImpl.getOrInstantiateSession(SessionFactoryImpl.java:76)
	at org.neo4j.server.webadmin.rest.console.SessionFactoryImpl.createSession(SessionFactoryImpl.java:59)
	at org.neo4j.server.webadmin.rest.console.ConsoleService.getSession(ConsoleService.java:149)
	at org.neo4j.server.webadmin.rest.console.ConsoleService.exec(ConsoleService.java:126)
	at sun.reflect.NativeMethodAccessorImpl.invoke0(Native Method)
	at sun.reflect.NativeMethodAccessorImpl.invoke(NativeMethodAccessorImpl.java:57)
	at sun.reflect.DelegatingMethodAccessorImpl.invoke(DelegatingMethodAccessorImpl.java:43)
	at java.lang.reflect.Method.invoke(Method.java:606)
	at com.sun.jersey.spi.container.JavaMethodInvokerFactory$1.invoke(JavaMethodInvokerFactory.java:60)
	at com.sun.jersey.server.impl.model.method.dispatch.AbstractResourceMethodDispatchProvider$ResponseOutInvoker._dispatch(AbstractResourceMethodDispatchProvider.java:205)
	at com.sun.jersey.server.impl.model.method.dispatch.ResourceJavaMethodDispatcher.dispatch(ResourceJavaMethodDispatcher.java:75)
	at org.neo4j.server.rest.transactional.TransactionalRequestDispatcher.dispatch(TransactionalRequestDispatcher.java:139)
	at com.sun.jersey.server.impl.uri.rules.HttpMethodRule.accept(HttpMethodRule.java:288)
	at com.sun.jersey.server.impl.uri.rules.ResourceClassRule.accept(ResourceClassRule.java:108)
	at com.sun.jersey.server.impl.uri.rules.RightHandPathRule.accept(RightHandPathRule.java:147)
	at com.sun.jersey.server.impl.uri.rules.RootResourceClassesRule.accept(RootResourceClassesRule.java:84)
	at com.sun.jersey.server.impl.application.WebApplicationImpl._handleRequest(WebApplicationImpl.java:1469)
	at com.sun.jersey.server.impl.application.WebApplicationImpl._handleRequest(WebApplicationImpl.java:1400)
	at com.sun.jersey.server.impl.application.WebApplicationImpl.handleRequest(WebApplicationImpl.java:1349)
	at com.sun.jersey.server.impl.application.WebApplicationImpl.handleRequest(WebApplicationImpl.java:1339)
	at com.sun.jersey.spi.container.servlet.WebComponent.service(WebComponent.java:416)
	at com.sun.jersey.spi.container.servlet.ServletContainer.service(ServletContainer.java:537)
	at com.sun.jersey.spi.container.servlet.ServletContainer.service(ServletContainer.java:699)
	at javax.servlet.http.HttpServlet.service(HttpServlet.java:848)
	at org.eclipse.jetty.servlet.ServletHolder.handle(ServletHolder.java:698)
	at org.eclipse.jetty.servlet.ServletHandler.doHandle(ServletHandler.java:505)
	at org.eclipse.jetty.server.session.SessionHandler.doHandle(SessionHandler.java:211)
	at org.eclipse.jetty.server.handler.ContextHandler.doHandle(ContextHandler.java:1096)
	at org.eclipse.jetty.servlet.ServletHandler.doScope(ServletHandler.java:432)
	at org.eclipse.jetty.server.session.SessionHandler.doScope(SessionHandler.java:175)
	at org.eclipse.jetty.server.handler.ContextHandler.doScope(ContextHandler.java:1030)
	at org.eclipse.jetty.server.handler.ScopedHandler.handle(ScopedHandler.java:136)
	at org.eclipse.jetty.server.handler.HandlerList.handle(HandlerList.java:52)
	at org.eclipse.jetty.server.handler.HandlerWrapper.handle(HandlerWrapper.java:97)
	at org.eclipse.jetty.server.Server.handle(Server.java:445)
	at org.eclipse.jetty.server.HttpChannel.handle(HttpChannel.java:268)
	at org.eclipse.jetty.server.HttpConnection.onFillable(HttpConnection.java:229)
	at org.eclipse.jetty.io.AbstractConnection$ReadCallback.run(AbstractConnection.java:358)
	at org.eclipse.jetty.util.thread.QueuedThreadPool.runJob(QueuedThreadPool.java:601)
	at org.eclipse.jetty.util.thread.QueuedThreadPool$3.run(QueuedThreadPool.java:532)
	at java.lang.Thread.run(Thread.java:744)
Caused by: java.util.MissingResourceException: Can't find bundle for base name jline.CandidateListCompletionHandler, locale en_US
	at java.util.ResourceBundle.throwMissingResourceException(ResourceBundle.java:1499)
	at java.util.ResourceBundle.getBundleImpl(ResourceBundle.java:1322)
	at java.util.ResourceBundle.getBundle(ResourceBundle.java:721)
	at jline.CandidateListCompletionHandler.<clinit>(CandidateListCompletionHandler.java:31)
	... 52 more
Caused by: java.lang.ClassCastException: jline.CandidateListCompletionHandler cannot be cast to ResourceBundle
	at java.util.ResourceBundle$Control.newBundle(ResourceBundle.java:2574)
	at java.util.ResourceBundle.loadBundle(ResourceBundle.java:1436)
	at java.util.ResourceBundle.findBundle(ResourceBundle.java:1400)
	at java.util.ResourceBundle.findBundle(ResourceBundle.java:1354)
	at java.util.ResourceBundle.findBundle(ResourceBundle.java:1354)
	at java.util.ResourceBundle.getBundleImpl(ResourceBundle.java:1296)
	... 54 more

Aug 01, 2014 3:33:24 PM com.sun.jersey.spi.container.ContainerResponse mapMappableContainerException
SEVERE: The exception contained within MappableContainerException could not be mapped to a response, re-throwing to the HTTP container
java.lang.NoClassDefFoundError: Could not initialize class jline.ConsoleReader
	at java.lang.Class.forName0(Native Method)
	at java.lang.Class.forName(Class.java:190)
	at org.neo4j.shell.impl.JLineConsole.newConsoleOrNullIfNotFound(JLineConsole.java:40)
	at org.neo4j.shell.impl.AbstractClient.init(AbstractClient.java:198)
	at org.neo4j.shell.impl.SameJvmClient.<init>(SameJvmClient.java:62)
	at org.neo4j.server.webadmin.console.ShellSession.<init>(ShellSession.java:62)
	at org.neo4j.server.webadmin.console.ShellSessionCreator.newSession(ShellSessionCreator.java:36)
	at org.neo4j.server.webadmin.rest.console.SessionFactoryImpl.getOrInstantiateSession(SessionFactoryImpl.java:76)
	at org.neo4j.server.webadmin.rest.console.SessionFactoryImpl.createSession(SessionFactoryImpl.java:59)
	at org.neo4j.server.webadmin.rest.console.ConsoleService.getSession(ConsoleService.java:149)
	at org.neo4j.server.webadmin.rest.console.ConsoleService.exec(ConsoleService.java:126)
	at sun.reflect.NativeMethodAccessorImpl.invoke0(Native Method)
	at sun.reflect.NativeMethodAccessorImpl.invoke(NativeMethodAccessorImpl.java:57)
	at sun.reflect.DelegatingMethodAccessorImpl.invoke(DelegatingMethodAccessorImpl.java:43)
	at java.lang.reflect.Method.invoke(Method.java:606)
	at com.sun.jersey.spi.container.JavaMethodInvokerFactory$1.invoke(JavaMethodInvokerFactory.java:60)
	at com.sun.jersey.server.impl.model.method.dispatch.AbstractResourceMethodDispatchProvider$ResponseOutInvoker._dispatch(AbstractResourceMethodDispatchProvider.java:205)
	at com.sun.jersey.server.impl.model.method.dispatch.ResourceJavaMethodDispatcher.dispatch(ResourceJavaMethodDispatcher.java:75)
	at org.neo4j.server.rest.transactional.TransactionalRequestDispatcher.dispatch(TransactionalRequestDispatcher.java:139)
	at com.sun.jersey.server.impl.uri.rules.HttpMethodRule.accept(HttpMethodRule.java:288)
	at com.sun.jersey.server.impl.uri.rules.ResourceClassRule.accept(ResourceClassRule.java:108)
	at com.sun.jersey.server.impl.uri.rules.RightHandPathRule.accept(RightHandPathRule.java:147)
	at com.sun.jersey.server.impl.uri.rules.RootResourceClassesRule.accept(RootResourceClassesRule.java:84)
	at com.sun.jersey.server.impl.application.WebApplicationImpl._handleRequest(WebApplicationImpl.java:1469)
	at com.sun.jersey.server.impl.application.WebApplicationImpl._handleRequest(WebApplicationImpl.java:1400)
	at com.sun.jersey.server.impl.application.WebApplicationImpl.handleRequest(WebApplicationImpl.java:1349)
	at com.sun.jersey.server.impl.application.WebApplicationImpl.handleRequest(WebApplicationImpl.java:1339)
	at com.sun.jersey.spi.container.servlet.WebComponent.service(WebComponent.java:416)
	at com.sun.jersey.spi.container.servlet.ServletContainer.service(ServletContainer.java:537)
	at com.sun.jersey.spi.container.servlet.ServletContainer.service(ServletContainer.java:699)
	at javax.servlet.http.HttpServlet.service(HttpServlet.java:848)
	at org.eclipse.jetty.servlet.ServletHolder.handle(ServletHolder.java:698)
	at org.eclipse.jetty.servlet.ServletHandler.doHandle(ServletHandler.java:505)
	at org.eclipse.jetty.server.session.SessionHandler.doHandle(SessionHandler.java:211)
	at org.eclipse.jetty.server.handler.ContextHandler.doHandle(ContextHandler.java:1096)
	at org.eclipse.jetty.servlet.ServletHandler.doScope(ServletHandler.java:432)
	at org.eclipse.jetty.server.session.SessionHandler.doScope(SessionHandler.java:175)
	at org.eclipse.jetty.server.handler.ContextHandler.doScope(ContextHandler.java:1030)
	at org.eclipse.jetty.server.handler.ScopedHandler.handle(ScopedHandler.java:136)
	at org.eclipse.jetty.server.handler.HandlerList.handle(HandlerList.java:52)
	at org.eclipse.jetty.server.handler.HandlerWrapper.handle(HandlerWrapper.java:97)
	at org.eclipse.jetty.server.Server.handle(Server.java:445)
	at org.eclipse.jetty.server.HttpChannel.handle(HttpChannel.java:268)
	at org.eclipse.jetty.server.HttpConnection.onFillable(HttpConnection.java:229)
	at org.eclipse.jetty.io.AbstractConnection$ReadCallback.run(AbstractConnection.java:358)
	at org.eclipse.jetty.util.thread.QueuedThreadPool.runJob(QueuedThreadPool.java:601)
	at org.eclipse.jetty.util.thread.QueuedThreadPool$3.run(QueuedThreadPool.java:532)
	at java.lang.Thread.run(Thread.java:744)

Aug 01, 2014 3:34:19 PM com.sun.jersey.spi.container.ContainerResponse mapMappableContainerException
SEVERE: The exception contained within MappableContainerException could not be mapped to a response, re-throwing to the HTTP container
java.lang.NoClassDefFoundError: Could not initialize class jline.ConsoleReader
	at java.lang.Class.forName0(Native Method)
	at java.lang.Class.forName(Class.java:190)
	at org.neo4j.shell.impl.JLineConsole.newConsoleOrNullIfNotFound(JLineConsole.java:40)
	at org.neo4j.shell.impl.AbstractClient.init(AbstractClient.java:198)
	at org.neo4j.shell.impl.SameJvmClient.<init>(SameJvmClient.java:62)
	at org.neo4j.server.webadmin.console.ShellSession.<init>(ShellSession.java:62)
	at org.neo4j.server.webadmin.console.ShellSessionCreator.newSession(ShellSessionCreator.java:36)
	at org.neo4j.server.webadmin.rest.console.SessionFactoryImpl.getOrInstantiateSession(SessionFactoryImpl.java:76)
	at org.neo4j.server.webadmin.rest.console.SessionFactoryImpl.createSession(SessionFactoryImpl.java:59)
	at org.neo4j.server.webadmin.rest.console.ConsoleService.getSession(ConsoleService.java:149)
	at org.neo4j.server.webadmin.rest.console.ConsoleService.exec(ConsoleService.java:126)
	at sun.reflect.NativeMethodAccessorImpl.invoke0(Native Method)
	at sun.reflect.NativeMethodAccessorImpl.invoke(NativeMethodAccessorImpl.java:57)
	at sun.reflect.DelegatingMethodAccessorImpl.invoke(DelegatingMethodAccessorImpl.java:43)
	at java.lang.reflect.Method.invoke(Method.java:606)
	at com.sun.jersey.spi.container.JavaMethodInvokerFactory$1.invoke(JavaMethodInvokerFactory.java:60)
	at com.sun.jersey.server.impl.model.method.dispatch.AbstractResourceMethodDispatchProvider$ResponseOutInvoker._dispatch(AbstractResourceMethodDispatchProvider.java:205)
	at com.sun.jersey.server.impl.model.method.dispatch.ResourceJavaMethodDispatcher.dispatch(ResourceJavaMethodDispatcher.java:75)
	at org.neo4j.server.rest.transactional.TransactionalRequestDispatcher.dispatch(TransactionalRequestDispatcher.java:139)
	at com.sun.jersey.server.impl.uri.rules.HttpMethodRule.accept(HttpMethodRule.java:288)
	at com.sun.jersey.server.impl.uri.rules.ResourceClassRule.accept(ResourceClassRule.java:108)
	at com.sun.jersey.server.impl.uri.rules.RightHandPathRule.accept(RightHandPathRule.java:147)
	at com.sun.jersey.server.impl.uri.rules.RootResourceClassesRule.accept(RootResourceClassesRule.java:84)
	at com.sun.jersey.server.impl.application.WebApplicationImpl._handleRequest(WebApplicationImpl.java:1469)
	at com.sun.jersey.server.impl.application.WebApplicationImpl._handleRequest(WebApplicationImpl.java:1400)
	at com.sun.jersey.server.impl.application.WebApplicationImpl.handleRequest(WebApplicationImpl.java:1349)
	at com.sun.jersey.server.impl.application.WebApplicationImpl.handleRequest(WebApplicationImpl.java:1339)
	at com.sun.jersey.spi.container.servlet.WebComponent.service(WebComponent.java:416)
	at com.sun.jersey.spi.container.servlet.ServletContainer.service(ServletContainer.java:537)
	at com.sun.jersey.spi.container.servlet.ServletContainer.service(ServletContainer.java:699)
	at javax.servlet.http.HttpServlet.service(HttpServlet.java:848)
	at org.eclipse.jetty.servlet.ServletHolder.handle(ServletHolder.java:698)
	at org.eclipse.jetty.servlet.ServletHandler.doHandle(ServletHandler.java:505)
	at org.eclipse.jetty.server.session.SessionHandler.doHandle(SessionHandler.java:211)
	at org.eclipse.jetty.server.handler.ContextHandler.doHandle(ContextHandler.java:1096)
	at org.eclipse.jetty.servlet.ServletHandler.doScope(ServletHandler.java:432)
	at org.eclipse.jetty.server.session.SessionHandler.doScope(SessionHandler.java:175)
	at org.eclipse.jetty.server.handler.ContextHandler.doScope(ContextHandler.java:1030)
	at org.eclipse.jetty.server.handler.ScopedHandler.handle(ScopedHandler.java:136)
	at org.eclipse.jetty.server.handler.HandlerList.handle(HandlerList.java:52)
	at org.eclipse.jetty.server.handler.HandlerWrapper.handle(HandlerWrapper.java:97)
	at org.eclipse.jetty.server.Server.handle(Server.java:445)
	at org.eclipse.jetty.server.HttpChannel.handle(HttpChannel.java:268)
	at org.eclipse.jetty.server.HttpConnection.onFillable(HttpConnection.java:229)
	at org.eclipse.jetty.io.AbstractConnection$ReadCallback.run(AbstractConnection.java:358)
	at org.eclipse.jetty.util.thread.QueuedThreadPool.runJob(QueuedThreadPool.java:601)
	at org.eclipse.jetty.util.thread.QueuedThreadPool$3.run(QueuedThreadPool.java:532)
	at java.lang.Thread.run(Thread.java:744)

Aug 01, 2014 3:35:00 PM com.sun.jersey.spi.container.ContainerResponse mapMappableContainerException
SEVERE: The exception contained within MappableContainerException could not be mapped to a response, re-throwing to the HTTP container
java.lang.NoClassDefFoundError: Could not initialize class jline.ConsoleReader
	at java.lang.Class.forName0(Native Method)
	at java.lang.Class.forName(Class.java:190)
	at org.neo4j.shell.impl.JLineConsole.newConsoleOrNullIfNotFound(JLineConsole.java:40)
	at org.neo4j.shell.impl.AbstractClient.init(AbstractClient.java:198)
	at org.neo4j.shell.impl.SameJvmClient.<init>(SameJvmClient.java:62)
	at org.neo4j.server.webadmin.console.ShellSession.<init>(ShellSession.java:62)
	at org.neo4j.server.webadmin.console.ShellSessionCreator.newSession(ShellSessionCreator.java:36)
	at org.neo4j.server.webadmin.rest.console.SessionFactoryImpl.getOrInstantiateSession(SessionFactoryImpl.java:76)
	at org.neo4j.server.webadmin.rest.console.SessionFactoryImpl.createSession(SessionFactoryImpl.java:59)
	at org.neo4j.server.webadmin.rest.console.ConsoleService.getSession(ConsoleService.java:149)
	at org.neo4j.server.webadmin.rest.console.ConsoleService.exec(ConsoleService.java:126)
	at sun.reflect.NativeMethodAccessorImpl.invoke0(Native Method)
	at sun.reflect.NativeMethodAccessorImpl.invoke(NativeMethodAccessorImpl.java:57)
	at sun.reflect.DelegatingMethodAccessorImpl.invoke(DelegatingMethodAccessorImpl.java:43)
	at java.lang.reflect.Method.invoke(Method.java:606)
	at com.sun.jersey.spi.container.JavaMethodInvokerFactory$1.invoke(JavaMethodInvokerFactory.java:60)
	at com.sun.jersey.server.impl.model.method.dispatch.AbstractResourceMethodDispatchProvider$ResponseOutInvoker._dispatch(AbstractResourceMethodDispatchProvider.java:205)
	at com.sun.jersey.server.impl.model.method.dispatch.ResourceJavaMethodDispatcher.dispatch(ResourceJavaMethodDispatcher.java:75)
	at org.neo4j.server.rest.transactional.TransactionalRequestDispatcher.dispatch(TransactionalRequestDispatcher.java:139)
	at com.sun.jersey.server.impl.uri.rules.HttpMethodRule.accept(HttpMethodRule.java:288)
	at com.sun.jersey.server.impl.uri.rules.ResourceClassRule.accept(ResourceClassRule.java:108)
	at com.sun.jersey.server.impl.uri.rules.RightHandPathRule.accept(RightHandPathRule.java:147)
	at com.sun.jersey.server.impl.uri.rules.RootResourceClassesRule.accept(RootResourceClassesRule.java:84)
	at com.sun.jersey.server.impl.application.WebApplicationImpl._handleRequest(WebApplicationImpl.java:1469)
	at com.sun.jersey.server.impl.application.WebApplicationImpl._handleRequest(WebApplicationImpl.java:1400)
	at com.sun.jersey.server.impl.application.WebApplicationImpl.handleRequest(WebApplicationImpl.java:1349)
	at com.sun.jersey.server.impl.application.WebApplicationImpl.handleRequest(WebApplicationImpl.java:1339)
	at com.sun.jersey.spi.container.servlet.WebComponent.service(WebComponent.java:416)
	at com.sun.jersey.spi.container.servlet.ServletContainer.service(ServletContainer.java:537)
	at com.sun.jersey.spi.container.servlet.ServletContainer.service(ServletContainer.java:699)
	at javax.servlet.http.HttpServlet.service(HttpServlet.java:848)
	at org.eclipse.jetty.servlet.ServletHolder.handle(ServletHolder.java:698)
	at org.eclipse.jetty.servlet.ServletHandler.doHandle(ServletHandler.java:505)
	at org.eclipse.jetty.server.session.SessionHandler.doHandle(SessionHandler.java:211)
	at org.eclipse.jetty.server.handler.ContextHandler.doHandle(ContextHandler.java:1096)
	at org.eclipse.jetty.servlet.ServletHandler.doScope(ServletHandler.java:432)
	at org.eclipse.jetty.server.session.SessionHandler.doScope(SessionHandler.java:175)
	at org.eclipse.jetty.server.handler.ContextHandler.doScope(ContextHandler.java:1030)
	at org.eclipse.jetty.server.handler.ScopedHandler.handle(ScopedHandler.java:136)
	at org.eclipse.jetty.server.handler.HandlerList.handle(HandlerList.java:52)
	at org.eclipse.jetty.server.handler.HandlerWrapper.handle(HandlerWrapper.java:97)
	at org.eclipse.jetty.server.Server.handle(Server.java:445)
	at org.eclipse.jetty.server.HttpChannel.handle(HttpChannel.java:268)
	at org.eclipse.jetty.server.HttpConnection.onFillable(HttpConnection.java:229)
	at org.eclipse.jetty.io.AbstractConnection$ReadCallback.run(AbstractConnection.java:358)
	at org.eclipse.jetty.util.thread.QueuedThreadPool.runJob(QueuedThreadPool.java:601)
	at org.eclipse.jetty.util.thread.QueuedThreadPool$3.run(QueuedThreadPool.java:532)
	at java.lang.Thread.run(Thread.java:744)

Aug 01, 2014 3:36:05 PM com.sun.jersey.server.impl.application.WebApplicationImpl _initiate
INFO: Initiating Jersey application, version 'Jersey: 1.9 09/02/2011 11:17 AM'
Aug 01, 2014 3:36:05 PM com.sun.jersey.server.impl.application.WebApplicationImpl _initiate
INFO: Initiating Jersey application, version 'Jersey: 1.9 09/02/2011 11:17 AM'
Aug 01, 2014 3:36:06 PM com.sun.jersey.server.impl.application.WebApplicationImpl _initiate
INFO: Initiating Jersey application, version 'Jersey: 1.9 09/02/2011 11:17 AM'
Aug 04, 2014 11:20:02 AM com.sun.jersey.server.impl.application.WebApplicationImpl _initiate
INFO: Initiating Jersey application, version 'Jersey: 1.9 09/02/2011 11:17 AM'
Aug 04, 2014 11:20:03 AM com.sun.jersey.server.impl.application.WebApplicationImpl _initiate
INFO: Initiating Jersey application, version 'Jersey: 1.9 09/02/2011 11:17 AM'
Aug 04, 2014 11:20:04 AM com.sun.jersey.server.impl.application.WebApplicationImpl _initiate
INFO: Initiating Jersey application, version 'Jersey: 1.9 09/02/2011 11:17 AM'
