2014-02-05 01:00:59.072+0000 INFO  [API] Setting startup timeout to: 120000ms based on -1
Detected incorrectly shut down database, performing recovery..
2014-02-05 01:01:04.603+0000 INFO  [API] Successfully started database
2014-02-05 01:01:06.221+0000 INFO  [API] Starting HTTP on port :7474 with 20 threads available
2014-02-05 01:01:06.741+0000 INFO  [API] Enabling HTTPS on port :7473
2014-02-05 01:01:06.996+0000 INFO  [API] Mounted discovery module at [/]
2014-02-05 01:01:07.037+0000 INFO  [API] Mounted REST API at [/db/data/]
2014-02-05 01:01:07.043+0000 INFO  [API] Mounted management API at [/db/manage/]
2014-02-05 01:01:07.045+0000 INFO  [API] Mounted webadmin at [/webadmin]
2014-02-05 01:01:07.046+0000 INFO  [API] Mounted Neo4j Browser at [/browser]
2014-02-05 01:01:07.218+0000 INFO  [API] Mounting static content at [/webadmin] from [webadmin-html]
2014-02-05 01:01:07.333+0000 INFO  [API] Mounting static content at [/browser] from [browser]
17:01:07.335 [main] WARN  o.e.j.server.handler.ContextHandler - o.e.j.s.ServletContextHandler@400fd958{/,null,null} contextPath ends with /
17:01:07.335 [main] WARN  o.e.j.server.handler.ContextHandler - Empty contextPath
17:01:07.344 [main] INFO  org.eclipse.jetty.server.Server - jetty-9.0.5.v20130815
17:01:07.422 [main] INFO  o.e.j.server.handler.ContextHandler - Started o.e.j.s.h.MovedContextHandler@58da4d10{/,null,AVAILABLE}
17:01:07.648 [main] INFO  o.e.j.w.StandardDescriptorProcessor - NO JSP Support for /webadmin, did not find org.apache.jasper.servlet.JspServlet
17:01:07.671 [main] INFO  o.e.j.server.handler.ContextHandler - Started o.e.j.w.WebAppContext@40ca2376{/webadmin,jar:file:/Users/Eilmarith/Desktop/causeroot/neo4j/neo4j-community-2.0.0/system/lib/neo4j-server-2.0.0-static-web.jar!/webadmin-html,AVAILABLE}
17:01:08.772 [main] INFO  o.e.j.server.handler.ContextHandler - Started o.e.j.s.ServletContextHandler@3fa9d38a{/db/manage,null,AVAILABLE}
17:01:09.462 [main] INFO  o.e.j.server.handler.ContextHandler - Started o.e.j.s.ServletContextHandler@37e64c3a{/db/data,null,AVAILABLE}
17:01:09.504 [main] INFO  o.e.j.w.StandardDescriptorProcessor - NO JSP Support for /browser, did not find org.apache.jasper.servlet.JspServlet
17:01:09.506 [main] INFO  o.e.j.server.handler.ContextHandler - Started o.e.j.w.WebAppContext@1a00a506{/browser,jar:file:/Users/Eilmarith/Desktop/causeroot/neo4j/neo4j-community-2.0.0/system/lib/neo4j-browser-2.0.0.jar!/browser,AVAILABLE}
17:01:09.813 [main] INFO  o.e.j.server.handler.ContextHandler - Started o.e.j.s.ServletContextHandler@400fd958{/,null,AVAILABLE}
17:01:09.841 [main] INFO  o.e.jetty.server.ServerConnector - Started ServerConnector@2b5f65d0{HTTP/1.1}{localhost:7474}
17:01:10.909 [main] INFO  o.e.jetty.server.ServerConnector - Started ServerConnector@4619edfe{SSL-HTTP/1.1}{localhost:7473}
2014-02-05 01:01:10.912+0000 INFO  [API] Remote interface ready and available at [http://localhost:7474/]
09:33:41.914 [qtp1376115998-49] WARN  o.e.jetty.servlet.ServletHandler - /db/manage/server/monitor/fetch
javax.ws.rs.WebApplicationException: javax.ws.rs.WebApplicationException: org.eclipse.jetty.io.EofException
	at org.neo4j.server.rest.repr.OutputFormat$1.write(OutputFormat.java:174) ~[neo4j-server-2.0.0.jar:2.0.0]
	at com.sun.jersey.core.impl.provider.entity.StreamingOutputProvider.writeTo(StreamingOutputProvider.java:71) ~[jersey-core-1.9.jar:1.9]
	at com.sun.jersey.core.impl.provider.entity.StreamingOutputProvider.writeTo(StreamingOutputProvider.java:57) ~[jersey-core-1.9.jar:1.9]
	at com.sun.jersey.spi.container.ContainerResponse.write(ContainerResponse.java:306) ~[jersey-server-1.9.jar:1.9]
	at com.sun.jersey.server.impl.application.WebApplicationImpl._handleRequest(WebApplicationImpl.java:1437) ~[jersey-server-1.9.jar:1.9]
	at com.sun.jersey.server.impl.application.WebApplicationImpl.handleRequest(WebApplicationImpl.java:1349) ~[jersey-server-1.9.jar:1.9]
	at com.sun.jersey.server.impl.application.WebApplicationImpl.handleRequest(WebApplicationImpl.java:1339) ~[jersey-server-1.9.jar:1.9]
	at com.sun.jersey.spi.container.servlet.WebComponent.service(WebComponent.java:416) ~[jersey-server-1.9.jar:1.9]
	at com.sun.jersey.spi.container.servlet.ServletContainer.service(ServletContainer.java:537) ~[jersey-server-1.9.jar:1.9]
	at com.sun.jersey.spi.container.servlet.ServletContainer.service(ServletContainer.java:699) ~[jersey-server-1.9.jar:1.9]
	at javax.servlet.http.HttpServlet.service(HttpServlet.java:848) ~[javax.servlet-3.0.0.v201112011016.jar:na]
	at org.eclipse.jetty.servlet.ServletHolder.handle(ServletHolder.java:698) ~[jetty-servlet-9.0.5.v20130815.jar:9.0.5.v20130815]
	at org.eclipse.jetty.servlet.ServletHandler$CachedChain.doFilter(ServletHandler.java:1506) ~[jetty-servlet-9.0.5.v20130815.jar:9.0.5.v20130815]
	at org.neo4j.server.rest.security.SecurityFilter.doFilter(SecurityFilter.java:112) ~[neo4j-server-2.0.0.jar:2.0.0]
	at org.eclipse.jetty.servlet.ServletHandler$CachedChain.doFilter(ServletHandler.java:1477) ~[jetty-servlet-9.0.5.v20130815.jar:9.0.5.v20130815]
	at org.eclipse.jetty.servlet.ServletHandler.doHandle(ServletHandler.java:503) [jetty-servlet-9.0.5.v20130815.jar:9.0.5.v20130815]
	at org.eclipse.jetty.server.session.SessionHandler.doHandle(SessionHandler.java:211) [jetty-server-9.0.5.v20130815.jar:9.0.5.v20130815]
	at org.eclipse.jetty.server.handler.ContextHandler.doHandle(ContextHandler.java:1096) [jetty-server-9.0.5.v20130815.jar:9.0.5.v20130815]
	at org.eclipse.jetty.servlet.ServletHandler.doScope(ServletHandler.java:432) [jetty-servlet-9.0.5.v20130815.jar:9.0.5.v20130815]
	at org.eclipse.jetty.server.session.SessionHandler.doScope(SessionHandler.java:175) [jetty-server-9.0.5.v20130815.jar:9.0.5.v20130815]
	at org.eclipse.jetty.server.handler.ContextHandler.doScope(ContextHandler.java:1030) [jetty-server-9.0.5.v20130815.jar:9.0.5.v20130815]
	at org.eclipse.jetty.server.handler.ScopedHandler.handle(ScopedHandler.java:136) [jetty-server-9.0.5.v20130815.jar:9.0.5.v20130815]
	at org.eclipse.jetty.server.handler.HandlerList.handle(HandlerList.java:52) [jetty-server-9.0.5.v20130815.jar:9.0.5.v20130815]
	at org.eclipse.jetty.server.handler.HandlerWrapper.handle(HandlerWrapper.java:97) [jetty-server-9.0.5.v20130815.jar:9.0.5.v20130815]
	at org.eclipse.jetty.server.Server.handle(Server.java:445) [jetty-server-9.0.5.v20130815.jar:9.0.5.v20130815]
	at org.eclipse.jetty.server.HttpChannel.handle(HttpChannel.java:268) [jetty-server-9.0.5.v20130815.jar:9.0.5.v20130815]
	at org.eclipse.jetty.server.HttpConnection.onFillable(HttpConnection.java:229) [jetty-server-9.0.5.v20130815.jar:9.0.5.v20130815]
	at org.eclipse.jetty.io.AbstractConnection$ReadCallback.run(AbstractConnection.java:358) [jetty-io-9.0.5.v20130815.jar:9.0.5.v20130815]
	at org.eclipse.jetty.util.thread.QueuedThreadPool.runJob(QueuedThreadPool.java:601) [jetty-util-9.0.5.v20130815.jar:9.0.5.v20130815]
	at org.eclipse.jetty.util.thread.QueuedThreadPool$3.run(QueuedThreadPool.java:532) [jetty-util-9.0.5.v20130815.jar:9.0.5.v20130815]
	at java.lang.Thread.run(Thread.java:744) [na:1.7.0_45]
Caused by: javax.ws.rs.WebApplicationException: org.eclipse.jetty.io.EofException
	at org.neo4j.server.rest.repr.formats.StreamingJsonFormat$StreamingRepresentationFormat.flush(StreamingJsonFormat.java:401) ~[neo4j-server-2.0.0.jar:2.0.0]
	at org.neo4j.server.rest.repr.formats.StreamingJsonFormat$StreamingRepresentationFormat.complete(StreamingJsonFormat.java:389) ~[neo4j-server-2.0.0.jar:2.0.0]
	at org.neo4j.server.rest.repr.MappingRepresentation.serialize(MappingRepresentation.java:43) ~[server-api-2.0.0.jar:2.0.0]
	at org.neo4j.server.rest.repr.OutputFormat$1.write(OutputFormat.java:160) ~[neo4j-server-2.0.0.jar:2.0.0]
	... 30 common frames omitted
Caused by: org.eclipse.jetty.io.EofException: null
	at org.eclipse.jetty.io.ChannelEndPoint.flush(ChannelEndPoint.java:186) ~[jetty-io-9.0.5.v20130815.jar:9.0.5.v20130815]
	at org.eclipse.jetty.io.WriteFlusher.write(WriteFlusher.java:335) ~[jetty-io-9.0.5.v20130815.jar:9.0.5.v20130815]
	at org.eclipse.jetty.io.AbstractEndPoint.write(AbstractEndPoint.java:125) ~[jetty-io-9.0.5.v20130815.jar:9.0.5.v20130815]
	at org.eclipse.jetty.server.HttpConnection$ContentCallback.process(HttpConnection.java:784) ~[jetty-server-9.0.5.v20130815.jar:9.0.5.v20130815]
	at org.eclipse.jetty.util.IteratingCallback.iterate(IteratingCallback.java:79) ~[jetty-util-9.0.5.v20130815.jar:9.0.5.v20130815]
	at org.eclipse.jetty.server.HttpConnection.send(HttpConnection.java:356) [jetty-server-9.0.5.v20130815.jar:9.0.5.v20130815]
	at org.eclipse.jetty.server.HttpChannel.sendResponse(HttpChannel.java:631) [jetty-server-9.0.5.v20130815.jar:9.0.5.v20130815]
	at org.eclipse.jetty.server.HttpChannel.write(HttpChannel.java:661) [jetty-server-9.0.5.v20130815.jar:9.0.5.v20130815]
	at org.eclipse.jetty.server.HttpOutput.flush(HttpOutput.java:151) ~[jetty-server-9.0.5.v20130815.jar:9.0.5.v20130815]
	at com.sun.jersey.spi.container.servlet.WebComponent$Writer.flush(WebComponent.java:315) ~[jersey-server-1.9.jar:1.9]
	at com.sun.jersey.spi.container.ContainerResponse$CommittingOutputStream.flush(ContainerResponse.java:145) ~[jersey-server-1.9.jar:1.9]
	at org.codehaus.jackson.impl.Utf8Generator.flush(Utf8Generator.java:1091) ~[jackson-core-asl-1.9.7.jar:1.9.7]
	at org.neo4j.server.rest.repr.formats.StreamingJsonFormat$StreamingRepresentationFormat.flush(StreamingJsonFormat.java:397) ~[neo4j-server-2.0.0.jar:2.0.0]
	... 33 common frames omitted
Caused by: java.io.IOException: Broken pipe
	at sun.nio.ch.FileDispatcherImpl.writev0(Native Method) ~[na:1.7.0_45]
	at sun.nio.ch.SocketDispatcher.writev(SocketDispatcher.java:51) ~[na:1.7.0_45]
	at sun.nio.ch.IOUtil.write(IOUtil.java:148) ~[na:1.7.0_45]
	at sun.nio.ch.SocketChannelImpl.write(SocketChannelImpl.java:524) ~[na:1.7.0_45]
	at org.eclipse.jetty.io.ChannelEndPoint.flush(ChannelEndPoint.java:167) ~[jetty-io-9.0.5.v20130815.jar:9.0.5.v20130815]
	... 45 common frames omitted
2014-02-17 04:08:27.533+0000 INFO  [API] Neo4j Server shutdown initiated by request
20:08:27.645 [Thread-18] INFO  o.e.jetty.server.ServerConnector - Stopped ServerConnector@2b5f65d0{HTTP/1.1}{localhost:7474}
20:08:27.655 [Thread-18] INFO  o.e.jetty.server.ServerConnector - Stopped ServerConnector@4619edfe{SSL-HTTP/1.1}{localhost:7473}
20:08:27.660 [Thread-18] INFO  o.e.j.server.handler.ContextHandler - Stopped o.e.j.s.ServletContextHandler@400fd958{/,null,UNAVAILABLE}
20:08:27.676 [Thread-18] INFO  o.e.j.server.handler.ContextHandler - Stopped o.e.j.w.WebAppContext@1a00a506{/browser,jar:file:/Users/Eilmarith/Desktop/causeroot/neo4j/neo4j-community-2.0.0/system/lib/neo4j-browser-2.0.0.jar!/browser,UNAVAILABLE}
20:08:27.678 [Thread-18] INFO  o.e.j.server.handler.ContextHandler - Stopped o.e.j.s.ServletContextHandler@37e64c3a{/db/data,null,UNAVAILABLE}
20:08:27.678 [Thread-18] INFO  o.e.j.server.handler.ContextHandler - Stopped o.e.j.s.ServletContextHandler@3fa9d38a{/db/manage,null,UNAVAILABLE}
20:08:27.684 [Thread-18] INFO  o.e.j.server.handler.ContextHandler - Stopped o.e.j.w.WebAppContext@40ca2376{/webadmin,jar:file:/Users/Eilmarith/Desktop/causeroot/neo4j/neo4j-community-2.0.0/system/lib/neo4j-server-2.0.0-static-web.jar!/webadmin-html,UNAVAILABLE}
20:08:27.684 [Thread-18] INFO  o.e.j.server.handler.ContextHandler - Stopped o.e.j.s.h.MovedContextHandler@58da4d10{/,null,UNAVAILABLE}
2014-08-01 13:15:25.356+0000 INFO  [API] Setting startup timeout to: 120000ms based on -1
2014-08-01 13:15:26.468+0000 INFO  [API] Successfully started database
2014-08-01 13:15:26.893+0000 INFO  [API] Starting HTTP on port :7474 with 80 threads available
2014-08-01 13:15:27.099+0000 INFO  [API] Enabling HTTPS on port :7473
2014-08-01 13:15:27.205+0000 INFO  [API] Mounted discovery module at [/]
2014-08-01 13:15:27.211+0000 INFO  [API] Mounted REST API at [/db/data/]
2014-08-01 13:15:27.214+0000 INFO  [API] Mounted management API at [/db/manage/]
2014-08-01 13:15:27.215+0000 INFO  [API] Mounted webadmin at [/webadmin]
2014-08-01 13:15:27.215+0000 INFO  [API] Mounted Neo4j Browser at [/browser]
2014-08-01 13:15:27.297+0000 INFO  [API] Mounting static content at [/webadmin] from [webadmin-html]
2014-08-01 13:15:27.349+0000 INFO  [API] Mounting static content at [/browser] from [browser]
06:15:27.350 [main] WARN  o.e.j.server.handler.ContextHandler - o.e.j.s.ServletContextHandler@6884711e{/,null,null} contextPath ends with /
06:15:27.350 [main] WARN  o.e.j.server.handler.ContextHandler - Empty contextPath
06:15:27.352 [main] INFO  org.eclipse.jetty.server.Server - jetty-9.0.5.v20130815
06:15:27.378 [main] INFO  o.e.j.server.handler.ContextHandler - Started o.e.j.s.h.MovedContextHandler@9fedd57{/,null,AVAILABLE}
06:15:27.456 [main] INFO  o.e.j.w.StandardDescriptorProcessor - NO JSP Support for /webadmin, did not find org.apache.jasper.servlet.JspServlet
06:15:27.466 [main] INFO  o.e.j.server.handler.ContextHandler - Started o.e.j.w.WebAppContext@62178479{/webadmin,jar:file:/Users/Eilmarith/Desktop/causeroot/neo4j/neo4j-community-2.0.0/system/lib/neo4j-server-2.0.0-static-web.jar!/webadmin-html,AVAILABLE}
06:15:27.855 [main] INFO  o.e.j.server.handler.ContextHandler - Started o.e.j.s.ServletContextHandler@7d72c934{/db/manage,null,AVAILABLE}
06:15:28.058 [main] INFO  o.e.j.server.handler.ContextHandler - Started o.e.j.s.ServletContextHandler@75e05e86{/db/data,null,AVAILABLE}
06:15:28.072 [main] INFO  o.e.j.w.StandardDescriptorProcessor - NO JSP Support for /browser, did not find org.apache.jasper.servlet.JspServlet
06:15:28.073 [main] INFO  o.e.j.server.handler.ContextHandler - Started o.e.j.w.WebAppContext@420c2f4a{/browser,jar:file:/Users/Eilmarith/Desktop/causeroot/neo4j/neo4j-community-2.0.0/system/lib/neo4j-browser-2.0.0.jar!/browser,AVAILABLE}
06:15:28.137 [main] INFO  o.e.j.server.handler.ContextHandler - Started o.e.j.s.ServletContextHandler@6884711e{/,null,AVAILABLE}
06:15:28.154 [main] INFO  o.e.jetty.server.ServerConnector - Started ServerConnector@5c0795d4{HTTP/1.1}{localhost:7474}
06:15:28.501 [main] INFO  o.e.jetty.server.ServerConnector - Started ServerConnector@6ff05fdd{SSL-HTTP/1.1}{localhost:7473}
2014-08-01 13:15:28.502+0000 INFO  [API] Remote interface ready and available at [http://localhost:7474/]
2014-08-01 16:57:31.927+0000 INFO  [API] Neo4j Server shutdown initiated by request
09:57:31.932 [Thread-31] INFO  o.e.jetty.server.ServerConnector - Stopped ServerConnector@5c0795d4{HTTP/1.1}{localhost:7474}
09:57:31.934 [Thread-31] INFO  o.e.jetty.server.ServerConnector - Stopped ServerConnector@6ff05fdd{SSL-HTTP/1.1}{localhost:7473}
09:57:31.935 [Thread-31] INFO  o.e.j.server.handler.ContextHandler - Stopped o.e.j.s.ServletContextHandler@6884711e{/,null,UNAVAILABLE}
09:57:31.937 [Thread-31] INFO  o.e.j.server.handler.ContextHandler - Stopped o.e.j.w.WebAppContext@420c2f4a{/browser,jar:file:/Users/Eilmarith/Desktop/causeroot/neo4j/neo4j-community-2.0.0/system/lib/neo4j-browser-2.0.0.jar!/browser,UNAVAILABLE}
09:57:31.937 [Thread-31] INFO  o.e.j.server.handler.ContextHandler - Stopped o.e.j.s.ServletContextHandler@75e05e86{/db/data,null,UNAVAILABLE}
09:57:31.937 [Thread-31] INFO  o.e.j.server.handler.ContextHandler - Stopped o.e.j.s.ServletContextHandler@7d72c934{/db/manage,null,UNAVAILABLE}
09:57:31.938 [Thread-31] INFO  o.e.j.server.handler.ContextHandler - Stopped o.e.j.w.WebAppContext@62178479{/webadmin,jar:file:/Users/Eilmarith/Desktop/causeroot/neo4j/neo4j-community-2.0.0/system/lib/neo4j-server-2.0.0-static-web.jar!/webadmin-html,UNAVAILABLE}
09:57:31.938 [Thread-31] INFO  o.e.j.server.handler.ContextHandler - Stopped o.e.j.s.h.MovedContextHandler@9fedd57{/,null,UNAVAILABLE}
