Jan 07, 2014 12:04:29 AM org.neo4j.server.logging.Logger log
INFO: Setting startup timeout to: 120000ms based on -1
Jan 07, 2014 12:04:30 AM org.neo4j.server.logging.Logger log
INFO: Successfully started database
Jan 07, 2014 12:04:31 AM org.neo4j.server.logging.Logger log
INFO: Starting HTTP on port :7474 with 20 threads available
Jan 07, 2014 12:04:32 AM org.neo4j.server.logging.Logger log
INFO: Enabling HTTPS on port :7473
Jan 07, 2014 12:04:32 AM org.neo4j.server.logging.Logger log
INFO: No SSL certificate found, generating a self-signed certificate..
Jan 07, 2014 12:04:32 AM org.neo4j.server.logging.Logger log
INFO: Mounted discovery module at [/]
Jan 07, 2014 12:04:32 AM org.neo4j.server.logging.Logger log
INFO: Mounted REST API at [/db/data/]
Jan 07, 2014 12:04:32 AM org.neo4j.server.logging.Logger log
INFO: Mounted management API at [/db/manage/]
Jan 07, 2014 12:04:32 AM org.neo4j.server.logging.Logger log
INFO: Mounted webadmin at [/webadmin]
Jan 07, 2014 12:04:32 AM org.neo4j.server.logging.Logger log
INFO: Mounted Neo4j Browser at [/browser]
Jan 07, 2014 12:04:32 AM org.neo4j.server.logging.Logger log
INFO: Mounting static content at [/webadmin] from [webadmin-html]
Jan 07, 2014 12:04:32 AM org.neo4j.server.logging.Logger log
INFO: Mounting static content at [/browser] from [browser]
Jan 07, 2014 12:04:33 AM com.sun.jersey.server.impl.application.WebApplicationImpl _initiate
INFO: Initiating Jersey application, version 'Jersey: 1.9 09/02/2011 11:17 AM'
Jan 07, 2014 12:04:33 AM com.sun.jersey.server.impl.application.WebApplicationImpl _initiate
INFO: Initiating Jersey application, version 'Jersey: 1.9 09/02/2011 11:17 AM'
Jan 07, 2014 12:04:34 AM com.sun.jersey.server.impl.application.WebApplicationImpl _initiate
INFO: Initiating Jersey application, version 'Jersey: 1.9 09/02/2011 11:17 AM'
Jan 07, 2014 12:04:35 AM org.neo4j.server.logging.Logger log
INFO: Remote interface ready and available at [http://localhost:7474/]
Jan 08, 2014 8:54:12 PM com.sun.jersey.server.impl.application.WebApplicationImpl _handleRequest
SEVERE: The response of the WebApplicationException cannot be utilized as the response is already committed. Re-throwing to the HTTP container
javax.ws.rs.WebApplicationException: javax.ws.rs.WebApplicationException: org.eclipse.jetty.io.EofException
	at org.neo4j.server.rest.repr.OutputFormat$1.write(OutputFormat.java:174)
	at com.sun.jersey.core.impl.provider.entity.StreamingOutputProvider.writeTo(StreamingOutputProvider.java:71)
	at com.sun.jersey.core.impl.provider.entity.StreamingOutputProvider.writeTo(StreamingOutputProvider.java:57)
	at com.sun.jersey.spi.container.ContainerResponse.write(ContainerResponse.java:306)
	at com.sun.jersey.server.impl.application.WebApplicationImpl._handleRequest(WebApplicationImpl.java:1437)
	at com.sun.jersey.server.impl.application.WebApplicationImpl.handleRequest(WebApplicationImpl.java:1349)
	at com.sun.jersey.server.impl.application.WebApplicationImpl.handleRequest(WebApplicationImpl.java:1339)
	at com.sun.jersey.spi.container.servlet.WebComponent.service(WebComponent.java:416)
	at com.sun.jersey.spi.container.servlet.ServletContainer.service(ServletContainer.java:537)
	at com.sun.jersey.spi.container.servlet.ServletContainer.service(ServletContainer.java:699)
	at javax.servlet.http.HttpServlet.service(HttpServlet.java:848)
	at org.eclipse.jetty.servlet.ServletHolder.handle(ServletHolder.java:698)
	at org.eclipse.jetty.servlet.ServletHandler$CachedChain.doFilter(ServletHandler.java:1506)
	at org.neo4j.server.rest.security.SecurityFilter.doFilter(SecurityFilter.java:112)
	at org.eclipse.jetty.servlet.ServletHandler$CachedChain.doFilter(ServletHandler.java:1477)
	at org.eclipse.jetty.servlet.ServletHandler.doHandle(ServletHandler.java:503)
	at org.eclipse.jetty.server.session.SessionHandler.doHandle(SessionHandler.java:211)
	at org.eclipse.jetty.server.handler.ContextHandler.doHandle(ContextHandler.java:1096)
	at org.eclipse.jetty.servlet.ServletHandler.doScope(ServletHandler.java:432)
	at org.eclipse.jetty.server.session.SessionHandler.doScope(SessionHandler.java:175)
	at org.eclipse.jetty.server.handler.ContextHandler.doScope(ContextHandler.java:1030)
	at org.eclipse.jetty.server.handler.ScopedHandler.handle(ScopedHandler.java:136)
	at org.eclipse.jetty.server.handler.HandlerList.handle(HandlerList.java:52)
	at org.eclipse.jetty.server.handler.HandlerWrapper.handle(HandlerWrapper.java:97)
	at org.eclipse.jetty.server.Server.handle(Server.java:445)
	at org.eclipse.jetty.server.HttpChannel.handle(HttpChannel.java:268)
	at org.eclipse.jetty.server.HttpConnection.onFillable(HttpConnection.java:229)
	at org.eclipse.jetty.io.AbstractConnection$ReadCallback.run(AbstractConnection.java:358)
	at org.eclipse.jetty.util.thread.QueuedThreadPool.runJob(QueuedThreadPool.java:601)
	at org.eclipse.jetty.util.thread.QueuedThreadPool$3.run(QueuedThreadPool.java:532)
	at java.lang.Thread.run(Thread.java:744)
Caused by: javax.ws.rs.WebApplicationException: org.eclipse.jetty.io.EofException
	at org.neo4j.server.rest.repr.formats.StreamingJsonFormat$StreamingRepresentationFormat.flush(StreamingJsonFormat.java:401)
	at org.neo4j.server.rest.repr.formats.StreamingJsonFormat$StreamingRepresentationFormat.complete(StreamingJsonFormat.java:389)
	at org.neo4j.server.rest.repr.MappingRepresentation.serialize(MappingRepresentation.java:43)
	at org.neo4j.server.rest.repr.OutputFormat$1.write(OutputFormat.java:160)
	... 30 more
Caused by: org.eclipse.jetty.io.EofException
	at org.eclipse.jetty.io.ChannelEndPoint.flush(ChannelEndPoint.java:186)
	at org.eclipse.jetty.io.WriteFlusher.write(WriteFlusher.java:335)
	at org.eclipse.jetty.io.AbstractEndPoint.write(AbstractEndPoint.java:125)
	at org.eclipse.jetty.server.HttpConnection$ContentCallback.process(HttpConnection.java:784)
	at org.eclipse.jetty.util.IteratingCallback.iterate(IteratingCallback.java:79)
	at org.eclipse.jetty.server.HttpConnection.send(HttpConnection.java:356)
	at org.eclipse.jetty.server.HttpChannel.sendResponse(HttpChannel.java:631)
	at org.eclipse.jetty.server.HttpChannel.write(HttpChannel.java:661)
	at org.eclipse.jetty.server.HttpOutput.flush(HttpOutput.java:151)
	at com.sun.jersey.spi.container.servlet.WebComponent$Writer.flush(WebComponent.java:315)
	at com.sun.jersey.spi.container.ContainerResponse$CommittingOutputStream.flush(ContainerResponse.java:145)
	at org.codehaus.jackson.impl.Utf8Generator.flush(Utf8Generator.java:1091)
	at org.neo4j.server.rest.repr.formats.StreamingJsonFormat$StreamingRepresentationFormat.flush(StreamingJsonFormat.java:397)
	... 33 more
Caused by: java.io.IOException: Broken pipe
	at sun.nio.ch.FileDispatcherImpl.writev0(Native Method)
	at sun.nio.ch.SocketDispatcher.writev(SocketDispatcher.java:51)
	at sun.nio.ch.IOUtil.write(IOUtil.java:148)
	at sun.nio.ch.SocketChannelImpl.write(SocketChannelImpl.java:524)
	at org.eclipse.jetty.io.ChannelEndPoint.flush(ChannelEndPoint.java:167)
	... 45 more

Jan 10, 2014 12:04:17 PM org.neo4j.server.logging.Logger log
INFO: Setting startup timeout to: 120000ms based on -1
Jan 10, 2014 12:04:19 PM org.neo4j.server.logging.Logger log
INFO: Successfully started database
Jan 10, 2014 12:04:20 PM org.neo4j.server.logging.Logger log
INFO: Starting HTTP on port :7474 with 20 threads available
Jan 10, 2014 12:04:21 PM org.neo4j.server.logging.Logger log
INFO: Enabling HTTPS on port :7473
Jan 10, 2014 12:04:21 PM org.neo4j.server.logging.Logger log
INFO: Mounted discovery module at [/]
Jan 10, 2014 12:04:21 PM org.neo4j.server.logging.Logger log
INFO: Mounted REST API at [/db/data/]
Jan 10, 2014 12:04:21 PM org.neo4j.server.logging.Logger log
INFO: Mounted management API at [/db/manage/]
Jan 10, 2014 12:04:21 PM org.neo4j.server.logging.Logger log
INFO: Mounted webadmin at [/webadmin]
Jan 10, 2014 12:04:21 PM org.neo4j.server.logging.Logger log
INFO: Mounted Neo4j Browser at [/browser]
Jan 10, 2014 12:04:21 PM org.neo4j.server.logging.Logger log
INFO: Mounting static content at [/webadmin] from [webadmin-html]
Jan 10, 2014 12:04:21 PM org.neo4j.server.logging.Logger log
INFO: Mounting static content at [/browser] from [browser]
Jan 10, 2014 12:04:22 PM com.sun.jersey.server.impl.application.WebApplicationImpl _initiate
INFO: Initiating Jersey application, version 'Jersey: 1.9 09/02/2011 11:17 AM'
Jan 10, 2014 12:04:22 PM com.sun.jersey.server.impl.application.WebApplicationImpl _initiate
INFO: Initiating Jersey application, version 'Jersey: 1.9 09/02/2011 11:17 AM'
Jan 10, 2014 12:04:23 PM com.sun.jersey.server.impl.application.WebApplicationImpl _initiate
INFO: Initiating Jersey application, version 'Jersey: 1.9 09/02/2011 11:17 AM'
Jan 10, 2014 12:04:24 PM org.neo4j.server.logging.Logger log
INFO: Remote interface ready and available at [http://localhost:7474/]
Feb 04, 2014 5:00:59 PM org.neo4j.server.logging.Logger log
INFO: Setting startup timeout to: 120000ms based on -1
Feb 04, 2014 5:01:04 PM org.neo4j.server.logging.Logger log
INFO: Successfully started database
Feb 04, 2014 5:01:06 PM org.neo4j.server.logging.Logger log
INFO: Starting HTTP on port :7474 with 20 threads available
Feb 04, 2014 5:01:06 PM org.neo4j.server.logging.Logger log
INFO: Enabling HTTPS on port :7473
Feb 04, 2014 5:01:06 PM org.neo4j.server.logging.Logger log
INFO: Mounted discovery module at [/]
Feb 04, 2014 5:01:07 PM org.neo4j.server.logging.Logger log
INFO: Mounted REST API at [/db/data/]
Feb 04, 2014 5:01:07 PM org.neo4j.server.logging.Logger log
INFO: Mounted management API at [/db/manage/]
Feb 04, 2014 5:01:07 PM org.neo4j.server.logging.Logger log
INFO: Mounted webadmin at [/webadmin]
Feb 04, 2014 5:01:07 PM org.neo4j.server.logging.Logger log
INFO: Mounted Neo4j Browser at [/browser]
Feb 04, 2014 5:01:07 PM org.neo4j.server.logging.Logger log
INFO: Mounting static content at [/webadmin] from [webadmin-html]
Feb 04, 2014 5:01:07 PM org.neo4j.server.logging.Logger log
INFO: Mounting static content at [/browser] from [browser]
Feb 04, 2014 5:01:07 PM com.sun.jersey.server.impl.application.WebApplicationImpl _initiate
INFO: Initiating Jersey application, version 'Jersey: 1.9 09/02/2011 11:17 AM'
Feb 04, 2014 5:01:08 PM com.sun.jersey.server.impl.application.WebApplicationImpl _initiate
INFO: Initiating Jersey application, version 'Jersey: 1.9 09/02/2011 11:17 AM'
Feb 04, 2014 5:01:09 PM com.sun.jersey.server.impl.application.WebApplicationImpl _initiate
INFO: Initiating Jersey application, version 'Jersey: 1.9 09/02/2011 11:17 AM'
Feb 04, 2014 5:01:10 PM org.neo4j.server.logging.Logger log
INFO: Remote interface ready and available at [http://localhost:7474/]
Feb 08, 2014 9:33:41 AM com.sun.jersey.server.impl.application.WebApplicationImpl _handleRequest
SEVERE: The response of the WebApplicationException cannot be utilized as the response is already committed. Re-throwing to the HTTP container
javax.ws.rs.WebApplicationException: javax.ws.rs.WebApplicationException: org.eclipse.jetty.io.EofException
	at org.neo4j.server.rest.repr.OutputFormat$1.write(OutputFormat.java:174)
	at com.sun.jersey.core.impl.provider.entity.StreamingOutputProvider.writeTo(StreamingOutputProvider.java:71)
	at com.sun.jersey.core.impl.provider.entity.StreamingOutputProvider.writeTo(StreamingOutputProvider.java:57)
	at com.sun.jersey.spi.container.ContainerResponse.write(ContainerResponse.java:306)
	at com.sun.jersey.server.impl.application.WebApplicationImpl._handleRequest(WebApplicationImpl.java:1437)
	at com.sun.jersey.server.impl.application.WebApplicationImpl.handleRequest(WebApplicationImpl.java:1349)
	at com.sun.jersey.server.impl.application.WebApplicationImpl.handleRequest(WebApplicationImpl.java:1339)
	at com.sun.jersey.spi.container.servlet.WebComponent.service(WebComponent.java:416)
	at com.sun.jersey.spi.container.servlet.ServletContainer.service(ServletContainer.java:537)
	at com.sun.jersey.spi.container.servlet.ServletContainer.service(ServletContainer.java:699)
	at javax.servlet.http.HttpServlet.service(HttpServlet.java:848)
	at org.eclipse.jetty.servlet.ServletHolder.handle(ServletHolder.java:698)
	at org.eclipse.jetty.servlet.ServletHandler$CachedChain.doFilter(ServletHandler.java:1506)
	at org.neo4j.server.rest.security.SecurityFilter.doFilter(SecurityFilter.java:112)
	at org.eclipse.jetty.servlet.ServletHandler$CachedChain.doFilter(ServletHandler.java:1477)
	at org.eclipse.jetty.servlet.ServletHandler.doHandle(ServletHandler.java:503)
	at org.eclipse.jetty.server.session.SessionHandler.doHandle(SessionHandler.java:211)
	at org.eclipse.jetty.server.handler.ContextHandler.doHandle(ContextHandler.java:1096)
	at org.eclipse.jetty.servlet.ServletHandler.doScope(ServletHandler.java:432)
	at org.eclipse.jetty.server.session.SessionHandler.doScope(SessionHandler.java:175)
	at org.eclipse.jetty.server.handler.ContextHandler.doScope(ContextHandler.java:1030)
	at org.eclipse.jetty.server.handler.ScopedHandler.handle(ScopedHandler.java:136)
	at org.eclipse.jetty.server.handler.HandlerList.handle(HandlerList.java:52)
	at org.eclipse.jetty.server.handler.HandlerWrapper.handle(HandlerWrapper.java:97)
	at org.eclipse.jetty.server.Server.handle(Server.java:445)
	at org.eclipse.jetty.server.HttpChannel.handle(HttpChannel.java:268)
	at org.eclipse.jetty.server.HttpConnection.onFillable(HttpConnection.java:229)
	at org.eclipse.jetty.io.AbstractConnection$ReadCallback.run(AbstractConnection.java:358)
	at org.eclipse.jetty.util.thread.QueuedThreadPool.runJob(QueuedThreadPool.java:601)
	at org.eclipse.jetty.util.thread.QueuedThreadPool$3.run(QueuedThreadPool.java:532)
	at java.lang.Thread.run(Thread.java:744)
Caused by: javax.ws.rs.WebApplicationException: org.eclipse.jetty.io.EofException
	at org.neo4j.server.rest.repr.formats.StreamingJsonFormat$StreamingRepresentationFormat.flush(StreamingJsonFormat.java:401)
	at org.neo4j.server.rest.repr.formats.StreamingJsonFormat$StreamingRepresentationFormat.complete(StreamingJsonFormat.java:389)
	at org.neo4j.server.rest.repr.MappingRepresentation.serialize(MappingRepresentation.java:43)
	at org.neo4j.server.rest.repr.OutputFormat$1.write(OutputFormat.java:160)
	... 30 more
Caused by: org.eclipse.jetty.io.EofException
	at org.eclipse.jetty.io.ChannelEndPoint.flush(ChannelEndPoint.java:186)
	at org.eclipse.jetty.io.WriteFlusher.write(WriteFlusher.java:335)
	at org.eclipse.jetty.io.AbstractEndPoint.write(AbstractEndPoint.java:125)
	at org.eclipse.jetty.server.HttpConnection$ContentCallback.process(HttpConnection.java:784)
	at org.eclipse.jetty.util.IteratingCallback.iterate(IteratingCallback.java:79)
	at org.eclipse.jetty.server.HttpConnection.send(HttpConnection.java:356)
	at org.eclipse.jetty.server.HttpChannel.sendResponse(HttpChannel.java:631)
	at org.eclipse.jetty.server.HttpChannel.write(HttpChannel.java:661)
	at org.eclipse.jetty.server.HttpOutput.flush(HttpOutput.java:151)
	at com.sun.jersey.spi.container.servlet.WebComponent$Writer.flush(WebComponent.java:315)
	at com.sun.jersey.spi.container.ContainerResponse$CommittingOutputStream.flush(ContainerResponse.java:145)
	at org.codehaus.jackson.impl.Utf8Generator.flush(Utf8Generator.java:1091)
	at org.neo4j.server.rest.repr.formats.StreamingJsonFormat$StreamingRepresentationFormat.flush(StreamingJsonFormat.java:397)
	... 33 more
Caused by: java.io.IOException: Broken pipe
	at sun.nio.ch.FileDispatcherImpl.writev0(Native Method)
	at sun.nio.ch.SocketDispatcher.writev(SocketDispatcher.java:51)
	at sun.nio.ch.IOUtil.write(IOUtil.java:148)
	at sun.nio.ch.SocketChannelImpl.write(SocketChannelImpl.java:524)
	at org.eclipse.jetty.io.ChannelEndPoint.flush(ChannelEndPoint.java:167)
	... 45 more

Feb 16, 2014 8:08:27 PM org.neo4j.server.logging.Logger log
INFO: Neo4j Server shutdown initiated by request
Aug 01, 2014 6:15:25 AM org.neo4j.server.logging.Logger log
INFO: Setting startup timeout to: 120000ms based on -1
Aug 01, 2014 6:15:26 AM org.neo4j.server.logging.Logger log
INFO: Successfully started database
Aug 01, 2014 6:15:26 AM org.neo4j.server.logging.Logger log
INFO: Starting HTTP on port :7474 with 80 threads available
Aug 01, 2014 6:15:27 AM org.neo4j.server.logging.Logger log
INFO: Enabling HTTPS on port :7473
Aug 01, 2014 6:15:27 AM org.neo4j.server.logging.Logger log
INFO: Mounted discovery module at [/]
Aug 01, 2014 6:15:27 AM org.neo4j.server.logging.Logger log
INFO: Mounted REST API at [/db/data/]
Aug 01, 2014 6:15:27 AM org.neo4j.server.logging.Logger log
INFO: Mounted management API at [/db/manage/]
Aug 01, 2014 6:15:27 AM org.neo4j.server.logging.Logger log
INFO: Mounted webadmin at [/webadmin]
Aug 01, 2014 6:15:27 AM org.neo4j.server.logging.Logger log
INFO: Mounted Neo4j Browser at [/browser]
Aug 01, 2014 6:15:27 AM org.neo4j.server.logging.Logger log
INFO: Mounting static content at [/webadmin] from [webadmin-html]
Aug 01, 2014 6:15:27 AM org.neo4j.server.logging.Logger log
INFO: Mounting static content at [/browser] from [browser]
Aug 01, 2014 6:15:27 AM com.sun.jersey.server.impl.application.WebApplicationImpl _initiate
INFO: Initiating Jersey application, version 'Jersey: 1.9 09/02/2011 11:17 AM'
Aug 01, 2014 6:15:27 AM com.sun.jersey.server.impl.application.WebApplicationImpl _initiate
INFO: Initiating Jersey application, version 'Jersey: 1.9 09/02/2011 11:17 AM'
Aug 01, 2014 6:15:28 AM com.sun.jersey.server.impl.application.WebApplicationImpl _initiate
INFO: Initiating Jersey application, version 'Jersey: 1.9 09/02/2011 11:17 AM'
Aug 01, 2014 6:15:28 AM org.neo4j.server.logging.Logger log
INFO: Remote interface ready and available at [http://localhost:7474/]
Aug 01, 2014 9:57:31 AM org.neo4j.server.logging.Logger log
INFO: Neo4j Server shutdown initiated by request
