2014-10-02 21:39:57.943+0000 INFO  [o.n.s.CommunityNeoServer]: Setting startup timeout to: 120000ms based on -1
2014-10-02 21:39:58.063+0000 INFO  [o.n.k.InternalAbstractGraphDatabase]: No locking implementation specified, defaulting to 'community'
2014-10-02 21:39:58.139+0000 INFO  [o.n.k.i.DiagnosticsManager]: --- INITIALIZED diagnostics START ---
2014-10-02 21:39:58.140+0000 INFO  [o.n.k.i.DiagnosticsManager]: Neo4j Kernel properties:
2014-10-02 21:39:58.142+0000 INFO  [o.n.k.i.DiagnosticsManager]: neostore.propertystore.db.mapped_memory=1285M
2014-10-02 21:39:58.142+0000 INFO  [o.n.k.i.DiagnosticsManager]: neostore.nodestore.db.mapped_memory=357M
2014-10-02 21:39:58.142+0000 INFO  [o.n.k.i.DiagnosticsManager]: neostore.relationshipstore.db.mapped_memory=1575M
2014-10-02 21:39:58.142+0000 INFO  [o.n.k.i.DiagnosticsManager]: neostore.propertystore.db.strings.mapped_memory=1092M
2014-10-02 21:39:58.142+0000 INFO  [o.n.k.i.DiagnosticsManager]: store_dir=/Users/Eilmarith/Desktop/ProblemMap/neo4j/neo4j-community-2.1.5/data/graph.db
2014-10-02 21:39:58.142+0000 INFO  [o.n.k.i.DiagnosticsManager]: neostore.propertystore.db.arrays.mapped_memory=1238M
2014-10-02 21:39:58.142+0000 INFO  [o.n.k.i.DiagnosticsManager]: remote_shell_enabled=true
2014-10-02 21:39:58.143+0000 INFO  [o.n.k.i.DiagnosticsManager]: Diagnostics providers:
2014-10-02 21:39:58.143+0000 INFO  [o.n.k.i.DiagnosticsManager]: org.neo4j.kernel.configuration.Config
2014-10-02 21:39:58.143+0000 INFO  [o.n.k.i.DiagnosticsManager]: org.neo4j.kernel.info.DiagnosticsManager
2014-10-02 21:39:58.143+0000 INFO  [o.n.k.i.DiagnosticsManager]: SYSTEM_MEMORY
2014-10-02 21:39:58.143+0000 INFO  [o.n.k.i.DiagnosticsManager]: JAVA_MEMORY
2014-10-02 21:39:58.143+0000 INFO  [o.n.k.i.DiagnosticsManager]: OPERATING_SYSTEM
2014-10-02 21:39:58.143+0000 INFO  [o.n.k.i.DiagnosticsManager]: JAVA_VIRTUAL_MACHINE
2014-10-02 21:39:58.144+0000 INFO  [o.n.k.i.DiagnosticsManager]: CLASSPATH
2014-10-02 21:39:58.144+0000 INFO  [o.n.k.i.DiagnosticsManager]: LIBRARY_PATH
2014-10-02 21:39:58.144+0000 INFO  [o.n.k.i.DiagnosticsManager]: SYSTEM_PROPERTIES
2014-10-02 21:39:58.144+0000 INFO  [o.n.k.i.DiagnosticsManager]: NETWORK
2014-10-02 21:39:58.144+0000 INFO  [o.n.k.i.DiagnosticsManager]: System memory information:
2014-10-02 21:39:58.145+0000 INFO  [o.n.k.i.DiagnosticsManager]: Total Physical memory: 16.00 GB
2014-10-02 21:39:58.146+0000 INFO  [o.n.k.i.DiagnosticsManager]: Free Physical memory: 3.31 GB
2014-10-02 21:39:58.146+0000 INFO  [o.n.k.i.DiagnosticsManager]: Committed virtual memory: 6.70 GB
2014-10-02 21:39:58.146+0000 INFO  [o.n.k.i.DiagnosticsManager]: Total swap space: 4.00 GB
2014-10-02 21:39:58.146+0000 INFO  [o.n.k.i.DiagnosticsManager]: Free swap space: 1.44 GB
2014-10-02 21:39:58.147+0000 INFO  [o.n.k.i.DiagnosticsManager]: JVM memory information:
2014-10-02 21:39:58.147+0000 INFO  [o.n.k.i.DiagnosticsManager]: Free  memory: 192.39 MB
2014-10-02 21:39:58.147+0000 INFO  [o.n.k.i.DiagnosticsManager]: Total memory: 247.50 MB
2014-10-02 21:39:58.147+0000 INFO  [o.n.k.i.DiagnosticsManager]: Max   memory: 3.94 GB
2014-10-02 21:39:58.149+0000 INFO  [o.n.k.i.DiagnosticsManager]: Garbage Collector: ParNew: [Par Eden Space, Par Survivor Space]
2014-10-02 21:39:58.149+0000 INFO  [o.n.k.i.DiagnosticsManager]: Garbage Collector: ConcurrentMarkSweep: [Par Eden Space, Par Survivor Space, CMS Old Gen, CMS Perm Gen]
2014-10-02 21:39:58.150+0000 INFO  [o.n.k.i.DiagnosticsManager]: Memory Pool: Code Cache (Non-heap memory): committed=2.44 MB, used=715.19 kB, max=48.00 MB, threshold=0.00 B
2014-10-02 21:39:58.150+0000 INFO  [o.n.k.i.DiagnosticsManager]: Memory Pool: Par Eden Space (Heap memory): committed=68.31 MB, used=55.11 MB, max=532.56 MB, threshold=?
2014-10-02 21:39:58.150+0000 INFO  [o.n.k.i.DiagnosticsManager]: Memory Pool: Par Survivor Space (Heap memory): committed=8.50 MB, used=0.00 B, max=66.50 MB, threshold=?
2014-10-02 21:39:58.151+0000 INFO  [o.n.k.i.DiagnosticsManager]: Memory Pool: CMS Old Gen (Heap memory): committed=170.69 MB, used=0.00 B, max=3.35 GB, threshold=0.00 B
2014-10-02 21:39:58.151+0000 INFO  [o.n.k.i.DiagnosticsManager]: Memory Pool: CMS Perm Gen (Non-heap memory): committed=20.75 MB, used=12.68 MB, max=82.00 MB, threshold=0.00 B
2014-10-02 21:39:58.151+0000 INFO  [o.n.k.i.DiagnosticsManager]: Operating system information:
2014-10-02 21:39:58.152+0000 INFO  [o.n.k.i.DiagnosticsManager]: Operating System: Mac OS X; version: 10.9.5; arch: x86_64; cpus: 8
2014-10-02 21:39:58.152+0000 INFO  [o.n.k.i.DiagnosticsManager]: Max number of file descriptors: 10240
2014-10-02 21:39:58.152+0000 INFO  [o.n.k.i.DiagnosticsManager]: Number of open file descriptors: 86
2014-10-02 21:39:58.152+0000 INFO  [o.n.k.i.DiagnosticsManager]: Process id: 6107@Luis-Carrios-MacBook.local
2014-10-02 21:39:58.152+0000 INFO  [o.n.k.i.DiagnosticsManager]: Byte order: LITTLE_ENDIAN
2014-10-02 21:39:58.153+0000 INFO  [o.n.k.i.DiagnosticsManager]: Local timezone: America/Los_Angeles
2014-10-02 21:39:58.153+0000 INFO  [o.n.k.i.DiagnosticsManager]: JVM information:
2014-10-02 21:39:58.153+0000 INFO  [o.n.k.i.DiagnosticsManager]: VM Name: Java HotSpot(TM) 64-Bit Server VM
2014-10-02 21:39:58.153+0000 INFO  [o.n.k.i.DiagnosticsManager]: VM Vendor: Oracle Corporation
2014-10-02 21:39:58.153+0000 INFO  [o.n.k.i.DiagnosticsManager]: VM Version: 24.45-b08
2014-10-02 21:39:58.153+0000 INFO  [o.n.k.i.DiagnosticsManager]: JIT compiler: HotSpot 64-Bit Tiered Compilers
2014-10-02 21:39:58.153+0000 INFO  [o.n.k.i.DiagnosticsManager]: VM Arguments: [-XX:+DisableExplicitGC, -Dorg.neo4j.server.properties=conf/neo4j-server.properties, -Djava.util.logging.config.file=conf/logging.properties, -Dlog4j.configuration=file:conf/log4j.properties, -XX:+UseConcMarkSweepGC, -XX:+CMSClassUnloadingEnabled, -Dneo4j.home=/Users/Eilmarith/Desktop/ProblemMap/neo4j/neo4j-community-2.1.5, -Dneo4j.instance=/Users/Eilmarith/Desktop/ProblemMap/neo4j/neo4j-community-2.1.5, -Dfile.encoding=UTF-8]
2014-10-02 21:39:58.153+0000 INFO  [o.n.k.i.DiagnosticsManager]: Java classpath:
2014-10-02 21:39:58.155+0000 INFO  [o.n.k.i.DiagnosticsManager]:  [classpath + loader.0] file:/Users/Eilmarith/Desktop/ProblemMap/neo4j/neo4j-community-2.1.5/system/lib/rhino-1.7R4.jar
2014-10-02 21:39:58.155+0000 INFO  [o.n.k.i.DiagnosticsManager]:  [classpath + loader.0] file:/Users/Eilmarith/Desktop/ProblemMap/neo4j/neo4j-community-2.1.5/system/lib/jetty-webapp-9.0.5.v20130815.jar
2014-10-02 21:39:58.155+0000 INFO  [o.n.k.i.DiagnosticsManager]:  [classpath + loader.0] file:/Users/Eilmarith/Desktop/ProblemMap/neo4j/neo4j-community-2.1.5/system/lib/opencsv-2.0.jar
2014-10-02 21:39:58.155+0000 INFO  [o.n.k.i.DiagnosticsManager]:  [loader.1] file:/System/Library/Java/Extensions/dns_sd.jar
2014-10-02 21:39:58.155+0000 INFO  [o.n.k.i.DiagnosticsManager]:  [classpath + loader.0] file:/Users/Eilmarith/Desktop/ProblemMap/neo4j/neo4j-community-2.1.5/lib/neo4j-cypher-compiler-2.0-2.0.3.jar
2014-10-02 21:39:58.155+0000 INFO  [o.n.k.i.DiagnosticsManager]:  [classpath + loader.0] file:/Users/Eilmarith/Desktop/ProblemMap/neo4j/neo4j-community-2.1.5/system/lib/commons-beanutils-1.8.0.jar
2014-10-02 21:39:58.155+0000 INFO  [o.n.k.i.DiagnosticsManager]:  [loader.1] file:/System/Library/Java/Extensions/MRJToolkit.jar
2014-10-02 21:39:58.155+0000 INFO  [o.n.k.i.DiagnosticsManager]:  [classpath + loader.0] file:/Users/Eilmarith/Desktop/ProblemMap/neo4j/neo4j-community-2.1.5/lib/neo4j-cypher-compiler-2.1-2.1.5.jar
2014-10-02 21:39:58.155+0000 INFO  [o.n.k.i.DiagnosticsManager]:  [classpath + loader.0] file:/Users/Eilmarith/Desktop/ProblemMap/neo4j/neo4j-community-2.1.5/lib/neo4j-cypher-compiler-1.9-2.0.3.jar
2014-10-02 21:39:58.155+0000 INFO  [o.n.k.i.DiagnosticsManager]:  [classpath + loader.0] file:/Users/Eilmarith/Desktop/ProblemMap/neo4j/neo4j-community-2.1.5/lib/opencsv-2.0.jar
2014-10-02 21:39:58.155+0000 INFO  [o.n.k.i.DiagnosticsManager]:  [loader.1] file:/System/Library/Java/Extensions/vecmath.jar
2014-10-02 21:39:58.155+0000 INFO  [o.n.k.i.DiagnosticsManager]:  [loader.1] file:/System/Library/Java/Extensions/libmlib_jai.jnilib
2014-10-02 21:39:58.155+0000 INFO  [o.n.k.i.DiagnosticsManager]:  [classpath + loader.0] file:/Users/Eilmarith/Desktop/ProblemMap/neo4j/neo4j-community-2.1.5/system/lib/jersey-multipart-1.9.jar
2014-10-02 21:39:58.155+0000 INFO  [o.n.k.i.DiagnosticsManager]:  [classpath + loader.0] file:/Users/Eilmarith/Desktop/ProblemMap/neo4j/neo4j-community-2.1.5/system/lib/slf4j-api-1.6.2.jar
2014-10-02 21:39:58.155+0000 INFO  [o.n.k.i.DiagnosticsManager]:  [classpath + loader.0] file:/Users/Eilmarith/Desktop/ProblemMap/neo4j/neo4j-community-2.1.5/system/lib/javax.servlet-3.0.0.v201112011016.jar
2014-10-02 21:39:58.155+0000 INFO  [o.n.k.i.DiagnosticsManager]:  [classpath + loader.0] file:/Users/Eilmarith/Desktop/ProblemMap/neo4j/neo4j-community-2.1.5/system/lib/neo4j-server-2.1.5.jar
2014-10-02 21:39:58.155+0000 INFO  [o.n.k.i.DiagnosticsManager]:  [classpath + loader.0] file:/Users/Eilmarith/Desktop/ProblemMap/neo4j/neo4j-community-2.1.5/system/lib/commons-logging-1.1.1.jar
2014-10-02 21:39:58.155+0000 INFO  [o.n.k.i.DiagnosticsManager]:  [loader.1] file:/Library/Java/JavaVirtualMachines/jdk1.7.0_45.jdk/Contents/Home/jre/lib/ext/localedata.jar
2014-10-02 21:39:58.156+0000 INFO  [o.n.k.i.DiagnosticsManager]:  [classpath + loader.0] file:/Users/Eilmarith/Desktop/ProblemMap/neo4j/neo4j-community-2.1.5/system/lib/rrd4j-2.0.7.jar
2014-10-02 21:39:58.156+0000 INFO  [o.n.k.i.DiagnosticsManager]:  [loader.1] file:/Library/Java/JavaVirtualMachines/jdk1.7.0_45.jdk/Contents/Home/jre/lib/ext/sunpkcs11.jar
2014-10-02 21:39:58.156+0000 INFO  [o.n.k.i.DiagnosticsManager]:  [classpath + loader.0] file:/Users/Eilmarith/Desktop/ProblemMap/neo4j/neo4j-community-2.1.5/system/lib/jetty-xml-9.0.5.v20130815.jar
2014-10-02 21:39:58.156+0000 INFO  [o.n.k.i.DiagnosticsManager]:  [classpath + loader.0] file:/Users/Eilmarith/Desktop/ProblemMap/neo4j/neo4j-community-2.1.5/lib/geronimo-jta_1.1_spec-1.1.1.jar
2014-10-02 21:39:58.156+0000 INFO  [o.n.k.i.DiagnosticsManager]:  [classpath + loader.0] file:/Users/Eilmarith/Desktop/ProblemMap/neo4j/neo4j-community-2.1.5/system/lib/jersey-core-1.9.jar
2014-10-02 21:39:58.156+0000 INFO  [o.n.k.i.DiagnosticsManager]:  [bootstrap] /Library/Java/JavaVirtualMachines/jdk1.7.0_45.jdk/Contents/Home/jre/classes
2014-10-02 21:39:58.156+0000 INFO  [o.n.k.i.DiagnosticsManager]:  [classpath + loader.0] file:/Users/Eilmarith/Desktop/ProblemMap/neo4j/neo4j-community-2.1.5/system/lib/jetty-servlet-9.0.5.v20130815.jar
2014-10-02 21:39:58.156+0000 INFO  [o.n.k.i.DiagnosticsManager]:  [loader.1] file:/System/Library/Java/Extensions/libJ3D.jnilib
2014-10-02 21:39:58.156+0000 INFO  [o.n.k.i.DiagnosticsManager]:  [loader.1] file:/System/Library/Java/Extensions/mlibwrapper_jai.jar
2014-10-02 21:39:58.156+0000 INFO  [o.n.k.i.DiagnosticsManager]:  [classpath + loader.0] file:/Users/Eilmarith/Desktop/ProblemMap/neo4j/neo4j-community-2.1.5/system/lib/jetty-http-9.0.5.v20130815.jar
2014-10-02 21:39:58.156+0000 INFO  [o.n.k.i.DiagnosticsManager]:  [bootstrap] /Library/Java/JavaVirtualMachines/jdk1.7.0_45.jdk/Contents/Home/jre/lib/jfr.jar
2014-10-02 21:39:58.156+0000 INFO  [o.n.k.i.DiagnosticsManager]:  [classpath + loader.0] file:/Users/Eilmarith/Desktop/ProblemMap/neo4j/neo4j-community-2.1.5/lib/neo4j-primitive-collections-2.1.5.jar
2014-10-02 21:39:58.156+0000 INFO  [o.n.k.i.DiagnosticsManager]:  [classpath + loader.0] file:/Users/Eilmarith/Desktop/ProblemMap/neo4j/neo4j-community-2.1.5/lib/concurrentlinkedhashmap-lru-1.3.1.jar
2014-10-02 21:39:58.156+0000 INFO  [o.n.k.i.DiagnosticsManager]:  [loader.1] file:/System/Library/Java/Extensions/QTJava.zip
2014-10-02 21:39:58.156+0000 INFO  [o.n.k.i.DiagnosticsManager]:  [classpath + loader.0] file:/Users/Eilmarith/Desktop/ProblemMap/neo4j/neo4j-community-2.1.5/lib/parboiled-scala_2.10-1.1.6.jar
2014-10-02 21:39:58.156+0000 INFO  [o.n.k.i.DiagnosticsManager]:  [classpath + loader.0] file:/Users/Eilmarith/Desktop/ProblemMap/neo4j/neo4j-community-2.1.5/lib/neo4j-cypher-2.1.5.jar
2014-10-02 21:39:58.156+0000 INFO  [o.n.k.i.DiagnosticsManager]:  [classpath + loader.0] file:/Users/Eilmarith/Desktop/ProblemMap/neo4j/neo4j-community-2.1.5/system/lib/jackson-mapper-asl-1.9.7.jar
2014-10-02 21:39:58.156+0000 INFO  [o.n.k.i.DiagnosticsManager]:  [classpath + loader.0] file:/Users/Eilmarith/Desktop/ProblemMap/neo4j/neo4j-community-2.1.5/system/lib/neo4j-browser-2.1.5.jar
2014-10-02 21:39:58.156+0000 INFO  [o.n.k.i.DiagnosticsManager]:  [classpath + loader.0] file:/Users/Eilmarith/Desktop/ProblemMap/neo4j/neo4j-community-2.1.5/lib/neo4j-cypher-commons-2.1.5.jar
2014-10-02 21:39:58.156+0000 INFO  [o.n.k.i.DiagnosticsManager]:  [classpath + loader.0] file:/Users/Eilmarith/Desktop/ProblemMap/neo4j/neo4j-community-2.1.5/lib/server-api-2.1.5.jar
2014-10-02 21:39:58.156+0000 INFO  [o.n.k.i.DiagnosticsManager]:  [loader.1] file:/System/Library/Java/Extensions/libJ3DAudio.jnilib
2014-10-02 21:39:58.156+0000 INFO  [o.n.k.i.DiagnosticsManager]:  [loader.1] file:/System/Library/Java/Extensions/libAppleScriptEngine.jnilib
2014-10-02 21:39:58.156+0000 INFO  [o.n.k.i.DiagnosticsManager]:  [classpath + loader.0] file:/Users/Eilmarith/Desktop/ProblemMap/neo4j/neo4j-community-2.1.5/system/lib/jsr311-api-1.1.2.r612.jar
2014-10-02 21:39:58.156+0000 INFO  [o.n.k.i.DiagnosticsManager]:  [classpath + loader.0] file:/Users/Eilmarith/Desktop/ProblemMap/neo4j/neo4j-community-2.1.5/system/lib/jetty-util-9.0.5.v20130815.jar
2014-10-02 21:39:58.156+0000 INFO  [o.n.k.i.DiagnosticsManager]:  [bootstrap] /Library/Java/JavaVirtualMachines/jdk1.7.0_45.jdk/Contents/Home/jre/lib/jce.jar
2014-10-02 21:39:58.156+0000 INFO  [o.n.k.i.DiagnosticsManager]:  [bootstrap] /Library/Java/JavaVirtualMachines/jdk1.7.0_45.jdk/Contents/Home/jre/lib/JObjC.jar
2014-10-02 21:39:58.156+0000 INFO  [o.n.k.i.DiagnosticsManager]:  [loader.1] file:/System/Library/Java/Extensions/j3daudio.jar
2014-10-02 21:39:58.156+0000 INFO  [o.n.k.i.DiagnosticsManager]:  [classpath + loader.0] file:/Users/Eilmarith/Desktop/ProblemMap/neo4j/neo4j-community-2.1.5/lib/lucene-core-3.6.2.jar
2014-10-02 21:39:58.156+0000 INFO  [o.n.k.i.DiagnosticsManager]:  [loader.1] file:/System/Library/Java/Extensions/libJ3DUtils.jnilib
2014-10-02 21:39:58.156+0000 INFO  [o.n.k.i.DiagnosticsManager]:  [classpath + loader.0] file:/Users/Eilmarith/Desktop/ProblemMap/neo4j/neo4j-community-2.1.5/system/lib/jackson-jaxrs-1.9.7.jar
2014-10-02 21:39:58.156+0000 INFO  [o.n.k.i.DiagnosticsManager]:  [classpath + loader.0] file:/Users/Eilmarith/Desktop/ProblemMap/neo4j/neo4j-community-2.1.5/system/lib/logback-classic-1.1.2.jar
2014-10-02 21:39:58.156+0000 INFO  [o.n.k.i.DiagnosticsManager]:  [classpath + loader.0] file:/Users/Eilmarith/Desktop/ProblemMap/neo4j/neo4j-community-2.1.5/system/lib/jetty-server-9.0.5.v20130815.jar
2014-10-02 21:39:58.157+0000 INFO  [o.n.k.i.DiagnosticsManager]:  [loader.1] file:/System/Library/Java/Extensions/libQTJNative.jnilib
2014-10-02 21:39:58.157+0000 INFO  [o.n.k.i.DiagnosticsManager]:  [loader.1] file:/System/Library/Java/Extensions/j3dcore.jar
2014-10-02 21:39:58.157+0000 INFO  [o.n.k.i.DiagnosticsManager]:  [loader.1] file:/usr/lib/java/libjdns_sd.jnilib
2014-10-02 21:39:58.157+0000 INFO  [o.n.k.i.DiagnosticsManager]:  [classpath + loader.0] file:/Users/Eilmarith/Desktop/ProblemMap/neo4j/neo4j-community-2.1.5/system/lib/commons-collections-3.2.1.jar
2014-10-02 21:39:58.157+0000 INFO  [o.n.k.i.DiagnosticsManager]:  [loader.1] file:/Library/Java/JavaVirtualMachines/jdk1.7.0_45.jdk/Contents/Home/jre/lib/ext/zipfs.jar
2014-10-02 21:39:58.157+0000 INFO  [o.n.k.i.DiagnosticsManager]:  [classpath + loader.0] file:/Users/Eilmarith/Desktop/ProblemMap/neo4j/neo4j-community-2.1.5/lib/neo4j-lucene-index-2.1.5.jar
2014-10-02 21:39:58.157+0000 INFO  [o.n.k.i.DiagnosticsManager]:  [loader.1] file:/System/Library/Java/Extensions/j3dutils.jar
2014-10-02 21:39:58.157+0000 INFO  [o.n.k.i.DiagnosticsManager]:  [classpath + loader.0] file:/Users/Eilmarith/Desktop/ProblemMap/neo4j/neo4j-community-2.1.5/lib/neo4j-graph-algo-2.1.5.jar
2014-10-02 21:39:58.157+0000 INFO  [o.n.k.i.DiagnosticsManager]:  [classpath + loader.0] file:/Users/Eilmarith/Desktop/ProblemMap/neo4j/neo4j-community-2.1.5/lib/org.apache.servicemix.bundles.jline-0.9.94_1.jar
2014-10-02 21:39:58.157+0000 INFO  [o.n.k.i.DiagnosticsManager]:  [loader.1] file:/System/Library/Java/Extensions/jai_core.jar
2014-10-02 21:39:58.157+0000 INFO  [o.n.k.i.DiagnosticsManager]:  [bootstrap] /Library/Java/JavaVirtualMachines/jdk1.7.0_45.jdk/Contents/Home/jre/lib/resources.jar
2014-10-02 21:39:58.157+0000 INFO  [o.n.k.i.DiagnosticsManager]:  [classpath + loader.0] file:/Users/Eilmarith/Desktop/ProblemMap/neo4j/neo4j-community-2.1.5/system/lib/jetty-io-9.0.5.v20130815.jar
2014-10-02 21:39:58.157+0000 INFO  [o.n.k.i.DiagnosticsManager]:  [loader.1] file:/Library/Java/JavaVirtualMachines/jdk1.7.0_45.jdk/Contents/Home/jre/lib/ext/dnsns.jar
2014-10-02 21:39:58.157+0000 INFO  [o.n.k.i.DiagnosticsManager]:  [loader.1] file:/System/Library/Java/Extensions/jai_codec.jar
2014-10-02 21:39:58.157+0000 INFO  [o.n.k.i.DiagnosticsManager]:  [classpath + loader.0] file:/Users/Eilmarith/Desktop/ProblemMap/neo4j/neo4j-community-2.1.5/system/lib/janino-2.6.1.jar
2014-10-02 21:39:58.157+0000 INFO  [o.n.k.i.DiagnosticsManager]:  [bootstrap] /Library/Java/JavaVirtualMachines/jdk1.7.0_45.jdk/Contents/Home/jre/lib/jsse.jar
2014-10-02 21:39:58.157+0000 INFO  [o.n.k.i.DiagnosticsManager]:  [classpath + loader.0] file:/Users/Eilmarith/Desktop/ProblemMap/neo4j/neo4j-community-2.1.5/system/lib/asm-3.1.jar
2014-10-02 21:39:58.157+0000 INFO  [o.n.k.i.DiagnosticsManager]:  [classpath + loader.0] file:/Users/Eilmarith/Desktop/ProblemMap/neo4j/neo4j-community-2.1.5/lib/neo4j-shell-2.1.5.jar
2014-10-02 21:39:58.157+0000 INFO  [o.n.k.i.DiagnosticsManager]:  [classpath + loader.0] file:/Users/Eilmarith/Desktop/ProblemMap/neo4j/neo4j-community-2.1.5/system/lib/logback-access-1.1.2.jar
2014-10-02 21:39:58.157+0000 INFO  [o.n.k.i.DiagnosticsManager]:  [bootstrap] /Library/Java/JavaVirtualMachines/jdk1.7.0_45.jdk/Contents/Home/jre/lib/rt.jar
2014-10-02 21:39:58.157+0000 INFO  [o.n.k.i.DiagnosticsManager]:  [bootstrap] /Library/Java/JavaVirtualMachines/jdk1.7.0_45.jdk/Contents/Home/jre/lib/charsets.jar
2014-10-02 21:39:58.157+0000 INFO  [o.n.k.i.DiagnosticsManager]:  [classpath + loader.0] file:/Users/Eilmarith/Desktop/ProblemMap/neo4j/neo4j-community-2.1.5/system/lib/bcprov-jdk16-140.jar
2014-10-02 21:39:58.157+0000 INFO  [o.n.k.i.DiagnosticsManager]:  [bootstrap] /Library/Java/JavaVirtualMachines/jdk1.7.0_45.jdk/Contents/Home/jre/lib/sunrsasign.jar
2014-10-02 21:39:58.157+0000 INFO  [o.n.k.i.DiagnosticsManager]:  [loader.1] file:/Library/Java/JavaVirtualMachines/jdk1.7.0_45.jdk/Contents/Home/jre/lib/ext/sunec.jar
2014-10-02 21:39:58.157+0000 INFO  [o.n.k.i.DiagnosticsManager]:  [classpath + loader.0] file:/Users/Eilmarith/Desktop/ProblemMap/neo4j/neo4j-community-2.1.5/system/lib/jersey-server-1.9.jar
2014-10-02 21:39:58.157+0000 INFO  [o.n.k.i.DiagnosticsManager]:  [classpath + loader.0] file:/Users/Eilmarith/Desktop/ProblemMap/neo4j/neo4j-community-2.1.5/lib/neo4j-kernel-2.1.5.jar
2014-10-02 21:39:58.157+0000 INFO  [o.n.k.i.DiagnosticsManager]:  [classpath + loader.0] file:/Users/Eilmarith/Desktop/ProblemMap/neo4j/neo4j-community-2.1.5/system/lib/logback-core-1.1.2.jar
2014-10-02 21:39:58.157+0000 INFO  [o.n.k.i.DiagnosticsManager]:  [classpath + loader.0] file:/Users/Eilmarith/Desktop/ProblemMap/neo4j/neo4j-community-2.1.5/system/lib/commons-beanutils-core-1.8.0.jar
2014-10-02 21:39:58.157+0000 INFO  [o.n.k.i.DiagnosticsManager]:  [classpath + loader.0] file:/Users/Eilmarith/Desktop/ProblemMap/neo4j/neo4j-community-2.1.5/system/lib/jcl-over-slf4j-1.6.1.jar
2014-10-02 21:39:58.157+0000 INFO  [o.n.k.i.DiagnosticsManager]:  [classpath + loader.0] file:/Users/Eilmarith/Desktop/ProblemMap/neo4j/neo4j-community-2.1.5/system/lib/jetty-security-9.0.5.v20130815.jar
2014-10-02 21:39:58.157+0000 INFO  [o.n.k.i.DiagnosticsManager]:  [classpath + loader.0] file:/Users/Eilmarith/Desktop/ProblemMap/neo4j/neo4j-community-2.1.5/lib/scala-library-2.10.4.jar
2014-10-02 21:39:58.157+0000 INFO  [o.n.k.i.DiagnosticsManager]:  [classpath + loader.0] file:/Users/Eilmarith/Desktop/ProblemMap/neo4j/neo4j-community-2.1.5/system/lib/commons-digester-1.8.1.jar
2014-10-02 21:39:58.158+0000 INFO  [o.n.k.i.DiagnosticsManager]:  [classpath + loader.0] file:/Users/Eilmarith/Desktop/ProblemMap/neo4j/neo4j-community-2.1.5/system/lib/commons-configuration-1.6.jar
2014-10-02 21:39:58.158+0000 INFO  [o.n.k.i.DiagnosticsManager]:  [classpath + loader.0] file:/Users/Eilmarith/Desktop/ProblemMap/neo4j/neo4j-community-2.1.5/system/lib/jackson-core-asl-1.9.7.jar
2014-10-02 21:39:58.158+0000 INFO  [o.n.k.i.DiagnosticsManager]:  [classpath + loader.0] file:/Users/Eilmarith/Desktop/ProblemMap/neo4j/neo4j-community-2.1.5/system/lib/commons-lang-2.4.jar
2014-10-02 21:39:58.158+0000 INFO  [o.n.k.i.DiagnosticsManager]:  [loader.1] file:/Library/Java/JavaVirtualMachines/jdk1.7.0_45.jdk/Contents/Home/jre/lib/ext/sunjce_provider.jar
2014-10-02 21:39:58.158+0000 INFO  [o.n.k.i.DiagnosticsManager]:  [classpath + loader.0] file:/Users/Eilmarith/Desktop/ProblemMap/neo4j/neo4j-community-2.1.5/system/lib/commons-compiler-2.6.1.jar
2014-10-02 21:39:58.158+0000 INFO  [o.n.k.i.DiagnosticsManager]:  [classpath + loader.0] file:/Users/Eilmarith/Desktop/ProblemMap/neo4j/neo4j-community-2.1.5/lib/parboiled-core-1.1.6.jar
2014-10-02 21:39:58.158+0000 INFO  [o.n.k.i.DiagnosticsManager]:  [classpath + loader.0] file:/Users/Eilmarith/Desktop/ProblemMap/neo4j/neo4j-community-2.1.5/lib/neo4j-jmx-2.1.5.jar
2014-10-02 21:39:58.158+0000 INFO  [o.n.k.i.DiagnosticsManager]:  [loader.1] file:/System/Library/Java/Extensions/AppleScriptEngine.jar
2014-10-02 21:39:58.158+0000 INFO  [o.n.k.i.DiagnosticsManager]:  [classpath + loader.0] file:/Users/Eilmarith/Desktop/ProblemMap/neo4j/neo4j-community-2.1.5/system/lib/neo4j-server-2.1.5-static-web.jar
2014-10-02 21:39:58.158+0000 INFO  [o.n.k.i.DiagnosticsManager]:  [classpath + loader.0] file:/Users/Eilmarith/Desktop/ProblemMap/neo4j/neo4j-community-2.1.5/lib/neo4j-udc-2.1.5.jar
2014-10-02 21:39:58.158+0000 INFO  [o.n.k.i.DiagnosticsManager]:  [classpath + loader.0] file:/Users/Eilmarith/Desktop/ProblemMap/neo4j/neo4j-community-2.1.5/system/lib/mimepull-1.6.jar
2014-10-02 21:39:58.158+0000 INFO  [o.n.k.i.DiagnosticsManager]:  [classpath + loader.0] file:/Users/Eilmarith/Desktop/ProblemMap/neo4j/neo4j-community-2.1.5/system/lib/commons-io-1.4.jar
2014-10-02 21:39:58.158+0000 INFO  [o.n.k.i.DiagnosticsManager]:  [classpath + loader.0] file:/Users/Eilmarith/Desktop/ProblemMap/neo4j/neo4j-community-2.1.5/lib/neo4j-graph-matching-2.1.5.jar
2014-10-02 21:39:58.158+0000 INFO  [o.n.k.i.DiagnosticsManager]:  [classpath + loader.0] file:/Users/Eilmarith/Desktop/ProblemMap/neo4j/neo4j-community-2.1.5/conf/
2014-10-02 21:39:58.158+0000 INFO  [o.n.k.i.DiagnosticsManager]: Library path:
2014-10-02 21:39:58.158+0000 INFO  [o.n.k.i.DiagnosticsManager]: /Users/Eilmarith/Library/Java/Extensions
2014-10-02 21:39:58.158+0000 INFO  [o.n.k.i.DiagnosticsManager]: /Library/Java/Extensions
2014-10-02 21:39:58.158+0000 INFO  [o.n.k.i.DiagnosticsManager]: /Network/Library/Java/Extensions
2014-10-02 21:39:58.159+0000 INFO  [o.n.k.i.DiagnosticsManager]: /System/Library/Java/Extensions
2014-10-02 21:39:58.159+0000 INFO  [o.n.k.i.DiagnosticsManager]: /usr/lib/java
2014-10-02 21:39:58.159+0000 INFO  [o.n.k.i.DiagnosticsManager]: /Users/Eilmarith/Desktop/ProblemMap/neo4j/neo4j-community-2.1.5
2014-10-02 21:39:58.159+0000 INFO  [o.n.k.i.DiagnosticsManager]: System.properties:
2014-10-02 21:39:58.159+0000 INFO  [o.n.k.i.DiagnosticsManager]: sun.boot.library.path = /Library/Java/JavaVirtualMachines/jdk1.7.0_45.jdk/Contents/Home/jre/lib
2014-10-02 21:39:58.159+0000 INFO  [o.n.k.i.DiagnosticsManager]: org.neo4j.server.properties = conf/neo4j-server.properties
2014-10-02 21:39:58.159+0000 INFO  [o.n.k.i.DiagnosticsManager]: gopherProxySet = false
2014-10-02 21:39:58.159+0000 INFO  [o.n.k.i.DiagnosticsManager]: path.separator = :
2014-10-02 21:39:58.159+0000 INFO  [o.n.k.i.DiagnosticsManager]: file.encoding.pkg = sun.io
2014-10-02 21:39:58.159+0000 INFO  [o.n.k.i.DiagnosticsManager]: user.country = US
2014-10-02 21:39:58.159+0000 INFO  [o.n.k.i.DiagnosticsManager]: sun.java.launcher = SUN_STANDARD
2014-10-02 21:39:58.159+0000 INFO  [o.n.k.i.DiagnosticsManager]: sun.os.patch.level = unknown
2014-10-02 21:39:58.159+0000 INFO  [o.n.k.i.DiagnosticsManager]: user.dir = /Users/Eilmarith/Desktop/ProblemMap/neo4j/neo4j-community-2.1.5
2014-10-02 21:39:58.160+0000 INFO  [o.n.k.i.DiagnosticsManager]: log4j.configuration = file:conf/log4j.properties
2014-10-02 21:39:58.160+0000 INFO  [o.n.k.i.DiagnosticsManager]: sun.jnu.encoding = UTF-8
2014-10-02 21:39:58.160+0000 INFO  [o.n.k.i.DiagnosticsManager]: sun.management.compiler = HotSpot 64-Bit Tiered Compilers
2014-10-02 21:39:58.160+0000 INFO  [o.n.k.i.DiagnosticsManager]: http.nonProxyHosts = local|*.local|169.254/16|*.169.254/16
2014-10-02 21:39:58.160+0000 INFO  [o.n.k.i.DiagnosticsManager]: user.home = /Users/Eilmarith
2014-10-02 21:39:58.160+0000 INFO  [o.n.k.i.DiagnosticsManager]: user.timezone = America/Los_Angeles
2014-10-02 21:39:58.160+0000 INFO  [o.n.k.i.DiagnosticsManager]: file.encoding = UTF-8
2014-10-02 21:39:58.160+0000 INFO  [o.n.k.i.DiagnosticsManager]: user.name = Eilmarith
2014-10-02 21:39:58.160+0000 INFO  [o.n.k.i.DiagnosticsManager]: sun.java.command = org.neo4j.server.Bootstrapper
2014-10-02 21:39:58.160+0000 INFO  [o.n.k.i.DiagnosticsManager]: sun.arch.data.model = 64
2014-10-02 21:39:58.160+0000 INFO  [o.n.k.i.DiagnosticsManager]: user.language = en
2014-10-02 21:39:58.160+0000 INFO  [o.n.k.i.DiagnosticsManager]: awt.toolkit = sun.lwawt.macosx.LWCToolkit
2014-10-02 21:39:58.160+0000 INFO  [o.n.k.i.DiagnosticsManager]: file.separator = /
2014-10-02 21:39:58.160+0000 INFO  [o.n.k.i.DiagnosticsManager]: sun.io.unicode.encoding = UnicodeBig
2014-10-02 21:39:58.160+0000 INFO  [o.n.k.i.DiagnosticsManager]: sun.cpu.endian = little
2014-10-02 21:39:58.160+0000 INFO  [o.n.k.i.DiagnosticsManager]: socksNonProxyHosts = local|*.local|169.254/16|*.169.254/16
2014-10-02 21:39:58.160+0000 INFO  [o.n.k.i.DiagnosticsManager]: neo4j.instance = /Users/Eilmarith/Desktop/ProblemMap/neo4j/neo4j-community-2.1.5
2014-10-02 21:39:58.160+0000 INFO  [o.n.k.i.DiagnosticsManager]: ftp.nonProxyHosts = local|*.local|169.254/16|*.169.254/16
2014-10-02 21:39:58.160+0000 INFO  [o.n.k.i.DiagnosticsManager]: neo4j.home = /Users/Eilmarith/Desktop/ProblemMap/neo4j/neo4j-community-2.1.5
2014-10-02 21:39:58.160+0000 INFO  [o.n.k.i.DiagnosticsManager]: sun.cpu.isalist = 
2014-10-02 21:39:58.161+0000 INFO  [o.n.k.i.DiagnosticsManager]: Network information:
2014-10-02 21:39:58.162+0000 INFO  [o.n.k.i.DiagnosticsManager]: Interface en0:
2014-10-02 21:39:58.163+0000 INFO  [o.n.k.i.DiagnosticsManager]:     address: 2601:9:7b80:53e:f55c:67b8:71df:b3e1
2014-10-02 21:39:58.163+0000 INFO  [o.n.k.i.DiagnosticsManager]:     address: 2601:9:7b80:53e:3e15:c2ff:fecb:adf2
2014-10-02 21:39:58.163+0000 INFO  [o.n.k.i.DiagnosticsManager]:     address: fe80:0:0:0:3e15:c2ff:fecb:adf2%4
2014-10-02 21:39:58.163+0000 INFO  [o.n.k.i.DiagnosticsManager]:     address: 10.0.0.25
2014-10-02 21:39:58.163+0000 INFO  [o.n.k.i.DiagnosticsManager]: Interface lo0:
2014-10-02 21:39:58.163+0000 INFO  [o.n.k.i.DiagnosticsManager]:     address: fe80:0:0:0:0:0:0:1%1
2014-10-02 21:39:58.163+0000 INFO  [o.n.k.i.DiagnosticsManager]:     address: 0:0:0:0:0:0:0:1
2014-10-02 21:39:58.163+0000 INFO  [o.n.k.i.DiagnosticsManager]:     address: 127.0.0.1
2014-10-02 21:39:58.163+0000 INFO  [o.n.k.i.DiagnosticsManager]: --- INITIALIZED diagnostics END ---
2014-10-02 21:39:58.285+0000 INFO  [o.n.k.i.n.s.StoreFactory]: Creating new db @ /Users/Eilmarith/Desktop/ProblemMap/neo4j/neo4j-community-2.1.5/data/graph.db/neostore
2014-10-02 21:39:58.314+0000 INFO  [o.n.k.i.n.s.StoreFactory]: [/Users/Eilmarith/Desktop/ProblemMap/neo4j/neo4j-community-2.1.5/data/graph.db/neostore.relationshiptypestore.db.names] brickCount=0 brickSize=0b mappedMem=0b (storeSize=38b)
2014-10-02 21:39:58.315+0000 INFO  [o.n.k.i.n.s.StoreFactory]: [/Users/Eilmarith/Desktop/ProblemMap/neo4j/neo4j-community-2.1.5/data/graph.db/neostore.relationshiptypestore.db] brickCount=0 brickSize=0b mappedMem=0b (storeSize=0b)
2014-10-02 21:39:58.315+0000 INFO  [o.n.k.i.n.s.StoreFactory]: /Users/Eilmarith/Desktop/ProblemMap/neo4j/neo4j-community-2.1.5/data/graph.db/neostore.relationshiptypestore.db.names hit=0 miss=0 switches=0 ooe=0
2014-10-02 21:39:58.316+0000 INFO  [o.n.k.i.n.s.StoreFactory]: /Users/Eilmarith/Desktop/ProblemMap/neo4j/neo4j-community-2.1.5/data/graph.db/neostore.relationshiptypestore.db hit=0 miss=0 switches=0 ooe=0
2014-10-02 21:39:58.319+0000 INFO  [o.n.k.i.n.s.StoreFactory]: [/Users/Eilmarith/Desktop/ProblemMap/neo4j/neo4j-community-2.1.5/data/graph.db/neostore.labeltokenstore.db.names] brickCount=0 brickSize=0b mappedMem=0b (storeSize=38b)
2014-10-02 21:39:58.320+0000 INFO  [o.n.k.i.n.s.StoreFactory]: [/Users/Eilmarith/Desktop/ProblemMap/neo4j/neo4j-community-2.1.5/data/graph.db/neostore.labeltokenstore.db] brickCount=0 brickSize=0b mappedMem=0b (storeSize=0b)
2014-10-02 21:39:58.320+0000 INFO  [o.n.k.i.n.s.StoreFactory]: /Users/Eilmarith/Desktop/ProblemMap/neo4j/neo4j-community-2.1.5/data/graph.db/neostore.labeltokenstore.db.names hit=0 miss=0 switches=0 ooe=0
2014-10-02 21:39:58.320+0000 INFO  [o.n.k.i.n.s.StoreFactory]: /Users/Eilmarith/Desktop/ProblemMap/neo4j/neo4j-community-2.1.5/data/graph.db/neostore.labeltokenstore.db hit=0 miss=0 switches=0 ooe=0
2014-10-02 21:39:58.325+0000 INFO  [o.n.k.i.n.s.StoreFactory]: [/Users/Eilmarith/Desktop/ProblemMap/neo4j/neo4j-community-2.1.5/data/graph.db/neostore.relationshiptypestore.db.names] brickCount=0 brickSize=0b mappedMem=0b (storeSize=38b)
2014-10-02 21:39:58.325+0000 INFO  [o.n.k.i.n.s.StoreFactory]: [/Users/Eilmarith/Desktop/ProblemMap/neo4j/neo4j-community-2.1.5/data/graph.db/neostore.relationshiptypestore.db] brickCount=0 brickSize=0b mappedMem=0b (storeSize=0b)
2014-10-02 21:39:58.326+0000 INFO  [o.n.k.i.n.s.StoreFactory]: [/Users/Eilmarith/Desktop/ProblemMap/neo4j/neo4j-community-2.1.5/data/graph.db/neostore.labeltokenstore.db.names] brickCount=0 brickSize=0b mappedMem=0b (storeSize=38b)
2014-10-02 21:39:58.326+0000 INFO  [o.n.k.i.n.s.StoreFactory]: [/Users/Eilmarith/Desktop/ProblemMap/neo4j/neo4j-community-2.1.5/data/graph.db/neostore.labeltokenstore.db] brickCount=0 brickSize=0b mappedMem=0b (storeSize=0b)
2014-10-02 21:39:58.326+0000 INFO  [o.n.k.i.n.s.StoreFactory]: [/Users/Eilmarith/Desktop/ProblemMap/neo4j/neo4j-community-2.1.5/data/graph.db/neostore.propertystore.db.strings] brickCount=0 brickSize=1144960b mappedMem=1145044992b (storeSize=128b)
2014-10-02 21:39:58.326+0000 INFO  [o.n.k.i.n.s.StoreFactory]: [/Users/Eilmarith/Desktop/ProblemMap/neo4j/neo4j-community-2.1.5/data/graph.db/neostore.propertystore.db.index.keys] brickCount=0 brickSize=0b mappedMem=0b (storeSize=38b)
2014-10-02 21:39:58.327+0000 INFO  [o.n.k.i.n.s.StoreFactory]: [/Users/Eilmarith/Desktop/ProblemMap/neo4j/neo4j-community-2.1.5/data/graph.db/neostore.propertystore.db.index] brickCount=0 brickSize=0b mappedMem=0b (storeSize=0b)
2014-10-02 21:39:58.327+0000 INFO  [o.n.k.i.n.s.StoreFactory]: [/Users/Eilmarith/Desktop/ProblemMap/neo4j/neo4j-community-2.1.5/data/graph.db/neostore.propertystore.db.arrays] brickCount=0 brickSize=1298048b mappedMem=1298137088b (storeSize=128b)
2014-10-02 21:39:58.330+0000 INFO  [o.n.k.i.n.s.StoreFactory]: [/Users/Eilmarith/Desktop/ProblemMap/neo4j/neo4j-community-2.1.5/data/graph.db/neostore.propertystore.db] brickCount=0 brickSize=13474199b mappedMem=1347420160b (storeSize=0b)
2014-10-02 21:39:58.332+0000 INFO  [o.n.k.i.n.s.StoreFactory]: [/Users/Eilmarith/Desktop/ProblemMap/neo4j/neo4j-community-2.1.5/data/graph.db/neostore.relationshipstore.db] brickCount=0 brickSize=16515058b mappedMem=1651507200b (storeSize=0b)
2014-10-02 21:39:58.333+0000 INFO  [o.n.k.i.n.s.StoreFactory]: [/Users/Eilmarith/Desktop/ProblemMap/neo4j/neo4j-community-2.1.5/data/graph.db/neostore.nodestore.db.labels] brickCount=0 brickSize=0b mappedMem=0b (storeSize=68b)
2014-10-02 21:39:58.335+0000 INFO  [o.n.k.i.n.s.StoreFactory]: [/Users/Eilmarith/Desktop/ProblemMap/neo4j/neo4j-community-2.1.5/data/graph.db/neostore.nodestore.db] brickCount=0 brickSize=3743415b mappedMem=374341632b (storeSize=0b)
2014-10-02 21:39:58.335+0000 INFO  [o.n.k.i.n.s.StoreFactory]: [/Users/Eilmarith/Desktop/ProblemMap/neo4j/neo4j-community-2.1.5/data/graph.db/neostore.schemastore.db] brickCount=0 brickSize=0b mappedMem=0b (storeSize=64b)
2014-10-02 21:39:58.336+0000 INFO  [o.n.k.i.n.s.StoreFactory]: [/Users/Eilmarith/Desktop/ProblemMap/neo4j/neo4j-community-2.1.5/data/graph.db/neostore.relationshipgroupstore.db] brickCount=0 brickSize=0b mappedMem=0b (storeSize=25b)
2014-10-02 21:39:58.337+0000 INFO  [o.n.k.i.n.s.StoreFactory]: [/Users/Eilmarith/Desktop/ProblemMap/neo4j/neo4j-community-2.1.5/data/graph.db/neostore] brickCount=0 brickSize=0b mappedMem=0b (storeSize=0b)
2014-10-02 21:39:58.340+0000 INFO  [o.n.k.i.n.s.StoreFactory]: /Users/Eilmarith/Desktop/ProblemMap/neo4j/neo4j-community-2.1.5/data/graph.db/neostore.relationshiptypestore.db.names hit=0 miss=0 switches=0 ooe=0
2014-10-02 21:39:58.341+0000 INFO  [o.n.k.i.n.s.StoreFactory]: /Users/Eilmarith/Desktop/ProblemMap/neo4j/neo4j-community-2.1.5/data/graph.db/neostore.relationshiptypestore.db hit=0 miss=0 switches=0 ooe=0
2014-10-02 21:39:58.342+0000 INFO  [o.n.k.i.n.s.StoreFactory]: /Users/Eilmarith/Desktop/ProblemMap/neo4j/neo4j-community-2.1.5/data/graph.db/neostore.labeltokenstore.db.names hit=0 miss=0 switches=0 ooe=0
2014-10-02 21:39:58.343+0000 INFO  [o.n.k.i.n.s.StoreFactory]: /Users/Eilmarith/Desktop/ProblemMap/neo4j/neo4j-community-2.1.5/data/graph.db/neostore.labeltokenstore.db hit=0 miss=0 switches=0 ooe=0
2014-10-02 21:39:58.343+0000 INFO  [o.n.k.i.n.s.StoreFactory]: /Users/Eilmarith/Desktop/ProblemMap/neo4j/neo4j-community-2.1.5/data/graph.db/neostore.propertystore.db.strings hit=0 miss=0 switches=0 ooe=0
2014-10-02 21:39:58.344+0000 INFO  [o.n.k.i.n.s.StoreFactory]: /Users/Eilmarith/Desktop/ProblemMap/neo4j/neo4j-community-2.1.5/data/graph.db/neostore.propertystore.db.index.keys hit=0 miss=0 switches=0 ooe=0
2014-10-02 21:39:58.345+0000 INFO  [o.n.k.i.n.s.StoreFactory]: /Users/Eilmarith/Desktop/ProblemMap/neo4j/neo4j-community-2.1.5/data/graph.db/neostore.propertystore.db.index hit=0 miss=0 switches=0 ooe=0
2014-10-02 21:39:58.345+0000 INFO  [o.n.k.i.n.s.StoreFactory]: /Users/Eilmarith/Desktop/ProblemMap/neo4j/neo4j-community-2.1.5/data/graph.db/neostore.propertystore.db.arrays hit=0 miss=0 switches=0 ooe=0
2014-10-02 21:39:58.346+0000 INFO  [o.n.k.i.n.s.StoreFactory]: /Users/Eilmarith/Desktop/ProblemMap/neo4j/neo4j-community-2.1.5/data/graph.db/neostore.propertystore.db hit=0 miss=0 switches=0 ooe=0
2014-10-02 21:39:58.347+0000 INFO  [o.n.k.i.n.s.StoreFactory]: /Users/Eilmarith/Desktop/ProblemMap/neo4j/neo4j-community-2.1.5/data/graph.db/neostore.relationshipstore.db hit=0 miss=0 switches=0 ooe=0
2014-10-02 21:39:58.348+0000 INFO  [o.n.k.i.n.s.StoreFactory]: /Users/Eilmarith/Desktop/ProblemMap/neo4j/neo4j-community-2.1.5/data/graph.db/neostore.nodestore.db.labels hit=0 miss=0 switches=0 ooe=0
2014-10-02 21:39:58.348+0000 INFO  [o.n.k.i.n.s.StoreFactory]: /Users/Eilmarith/Desktop/ProblemMap/neo4j/neo4j-community-2.1.5/data/graph.db/neostore.nodestore.db hit=0 miss=0 switches=0 ooe=0
2014-10-02 21:39:58.349+0000 INFO  [o.n.k.i.n.s.StoreFactory]: /Users/Eilmarith/Desktop/ProblemMap/neo4j/neo4j-community-2.1.5/data/graph.db/neostore.schemastore.db hit=0 miss=0 switches=0 ooe=0
2014-10-02 21:39:58.350+0000 INFO  [o.n.k.i.n.s.StoreFactory]: /Users/Eilmarith/Desktop/ProblemMap/neo4j/neo4j-community-2.1.5/data/graph.db/neostore.relationshipgroupstore.db hit=0 miss=0 switches=0 ooe=0
2014-10-02 21:39:58.351+0000 INFO  [o.n.k.i.n.s.StoreFactory]: /Users/Eilmarith/Desktop/ProblemMap/neo4j/neo4j-community-2.1.5/data/graph.db/neostore hit=0 miss=10 switches=0 ooe=0
2014-10-02 21:39:58.358+0000 INFO  [o.n.k.i.n.s.StoreFactory]: [/Users/Eilmarith/Desktop/ProblemMap/neo4j/neo4j-community-2.1.5/data/graph.db/neostore.relationshiptypestore.db.names] brickCount=0 brickSize=0b mappedMem=0b (storeSize=38b)
2014-10-02 21:39:58.358+0000 INFO  [o.n.k.i.n.s.StoreFactory]: [/Users/Eilmarith/Desktop/ProblemMap/neo4j/neo4j-community-2.1.5/data/graph.db/neostore.relationshiptypestore.db] brickCount=0 brickSize=0b mappedMem=0b (storeSize=0b)
2014-10-02 21:39:58.359+0000 INFO  [o.n.k.i.n.s.StoreFactory]: [/Users/Eilmarith/Desktop/ProblemMap/neo4j/neo4j-community-2.1.5/data/graph.db/neostore.labeltokenstore.db.names] brickCount=0 brickSize=0b mappedMem=0b (storeSize=38b)
2014-10-02 21:39:58.359+0000 INFO  [o.n.k.i.n.s.StoreFactory]: [/Users/Eilmarith/Desktop/ProblemMap/neo4j/neo4j-community-2.1.5/data/graph.db/neostore.labeltokenstore.db] brickCount=0 brickSize=0b mappedMem=0b (storeSize=0b)
2014-10-02 21:39:58.359+0000 INFO  [o.n.k.i.n.s.StoreFactory]: [/Users/Eilmarith/Desktop/ProblemMap/neo4j/neo4j-community-2.1.5/data/graph.db/neostore.propertystore.db.strings] brickCount=0 brickSize=1144960b mappedMem=1145044992b (storeSize=128b)
2014-10-02 21:39:58.360+0000 INFO  [o.n.k.i.n.s.StoreFactory]: [/Users/Eilmarith/Desktop/ProblemMap/neo4j/neo4j-community-2.1.5/data/graph.db/neostore.propertystore.db.index.keys] brickCount=0 brickSize=0b mappedMem=0b (storeSize=38b)
2014-10-02 21:39:58.360+0000 INFO  [o.n.k.i.n.s.StoreFactory]: [/Users/Eilmarith/Desktop/ProblemMap/neo4j/neo4j-community-2.1.5/data/graph.db/neostore.propertystore.db.index] brickCount=0 brickSize=0b mappedMem=0b (storeSize=0b)
2014-10-02 21:39:58.361+0000 INFO  [o.n.k.i.n.s.StoreFactory]: [/Users/Eilmarith/Desktop/ProblemMap/neo4j/neo4j-community-2.1.5/data/graph.db/neostore.propertystore.db.arrays] brickCount=0 brickSize=1298048b mappedMem=1298137088b (storeSize=128b)
2014-10-02 21:39:58.361+0000 INFO  [o.n.k.i.n.s.StoreFactory]: [/Users/Eilmarith/Desktop/ProblemMap/neo4j/neo4j-community-2.1.5/data/graph.db/neostore.propertystore.db] brickCount=0 brickSize=13474199b mappedMem=1347420160b (storeSize=0b)
2014-10-02 21:39:58.362+0000 INFO  [o.n.k.i.n.s.StoreFactory]: [/Users/Eilmarith/Desktop/ProblemMap/neo4j/neo4j-community-2.1.5/data/graph.db/neostore.relationshipstore.db] brickCount=0 brickSize=16515058b mappedMem=1651507200b (storeSize=0b)
2014-10-02 21:39:58.362+0000 INFO  [o.n.k.i.n.s.StoreFactory]: [/Users/Eilmarith/Desktop/ProblemMap/neo4j/neo4j-community-2.1.5/data/graph.db/neostore.nodestore.db.labels] brickCount=0 brickSize=0b mappedMem=0b (storeSize=68b)
2014-10-02 21:39:58.363+0000 INFO  [o.n.k.i.n.s.StoreFactory]: [/Users/Eilmarith/Desktop/ProblemMap/neo4j/neo4j-community-2.1.5/data/graph.db/neostore.nodestore.db] brickCount=0 brickSize=3743415b mappedMem=374341632b (storeSize=0b)
2014-10-02 21:39:58.363+0000 INFO  [o.n.k.i.n.s.StoreFactory]: [/Users/Eilmarith/Desktop/ProblemMap/neo4j/neo4j-community-2.1.5/data/graph.db/neostore.schemastore.db] brickCount=0 brickSize=0b mappedMem=0b (storeSize=64b)
2014-10-02 21:39:58.363+0000 INFO  [o.n.k.i.n.s.StoreFactory]: [/Users/Eilmarith/Desktop/ProblemMap/neo4j/neo4j-community-2.1.5/data/graph.db/neostore.relationshipgroupstore.db] brickCount=0 brickSize=0b mappedMem=0b (storeSize=25b)
2014-10-02 21:39:58.364+0000 INFO  [o.n.k.i.n.s.StoreFactory]: [/Users/Eilmarith/Desktop/ProblemMap/neo4j/neo4j-community-2.1.5/data/graph.db/neostore] brickCount=0 brickSize=0b mappedMem=0b (storeSize=81b)
2014-10-02 21:39:58.447+0000 INFO  [o.n.k.a.i.i.LuceneLabelScanStore]: No lucene scan store index found, this might just be first use. Preparing to rebuild.
2014-10-02 21:39:58.480+0000 INFO  [o.n.k.a.i.i.LuceneLabelScanStore]: No lucene scan store index found, this might just be first use. Preparing to rebuild.
2014-10-02 21:39:58.562+0000 INFO  [o.n.k.i.t.x.XaLogicalLog]: Opened logical log [/Users/Eilmarith/Desktop/ProblemMap/neo4j/neo4j-community-2.1.5/data/graph.db/nioneo_logical.log.1] version=0, lastTxId=1 (clean)
2014-10-02 21:39:58.564+0000 INFO  [o.n.k.a.i.i.LuceneLabelScanStore]: Rebuilding lucene scan store, this may take a while
2014-10-02 21:39:58.565+0000 INFO  [o.n.k.a.i.i.LuceneLabelScanStore]: Lucene scan store rebuilt (roughly -1 nodes)
2014-10-02 21:39:58.567+0000 INFO  [o.n.k.i.t.TxManager]: TM new log: tm_tx_log.1
2014-10-02 21:39:58.572+0000 INFO  [o.n.k.i.t.KernelHealth]: Kernel health set to OK
2014-10-02 21:39:58.693+0000 INFO  [o.n.k.i.t.x.XaLogicalLog]: Opened logical log [/Users/Eilmarith/Desktop/ProblemMap/neo4j/neo4j-community-2.1.5/data/graph.db/index/lucene.log.1] version=0, lastTxId=1 (clean)
2014-10-02 21:39:58.696+0000 INFO  [o.n.k.i.DiagnosticsManager]: --- STARTED diagnostics for KernelDiagnostics:Versions START ---
2014-10-02 21:39:58.696+0000 INFO  [o.n.k.i.DiagnosticsManager]: Graph Database: org.neo4j.kernel.EmbeddedGraphDatabase StoreId{creationTime=1412285998289, randomId=562774144147794344, storeVersion=14406081294923270, upgradeTime=1412285998289, upgradeId=562774144147794344}
2014-10-02 21:39:58.696+0000 INFO  [o.n.k.i.DiagnosticsManager]: Kernel version: Neo4j - Graph Database Kernel (neo4j-kernel), version: 2.1.5
2014-10-02 21:39:58.696+0000 INFO  [o.n.k.i.DiagnosticsManager]: Neo4j component versions:
2014-10-02 21:39:58.701+0000 INFO  [o.n.k.i.DiagnosticsManager]:   Neo4j - Lucene Index (neo4j-lucene-index), version: 2.1.5; revision: 2.1.5:2.1-maint:529/45c3cc04946c2b0e243e48c8252e40cb85931744
2014-10-02 21:39:58.701+0000 INFO  [o.n.k.i.DiagnosticsManager]:   Neo4j - JMX support (neo4j-jmx), version: 2.1.5; revision: 2.1.5:2.1-maint:529/45c3cc04946c2b0e243e48c8252e40cb85931744
2014-10-02 21:39:58.701+0000 INFO  [o.n.k.i.DiagnosticsManager]:   Neo4j - Graph Matching (neo4j-graph-matching), version: 2.1.5; revision: 2.1.5:2.1-maint:529/45c3cc04946c2b0e243e48c8252e40cb85931744
2014-10-02 21:39:58.701+0000 INFO  [o.n.k.i.DiagnosticsManager]:   Neo4j Server API (server-api), version: 2.1.5; revision: 2.1.5:2.1-maint:529/45c3cc04946c2b0e243e48c8252e40cb85931744
2014-10-02 21:39:58.701+0000 INFO  [o.n.k.i.DiagnosticsManager]:   Neo4j - Graph Database Kernel (neo4j-kernel), version: 2.1.5; revision: 2.1.5:2.1-maint:529/45c3cc04946c2b0e243e48c8252e40cb85931744
2014-10-02 21:39:58.701+0000 INFO  [o.n.k.i.DiagnosticsManager]:   Neo4j - Cypher (neo4j-cypher), version: 2.1.5; revision: 2.1.5:2.1-maint:529/45c3cc04946c2b0e243e48c8252e40cb85931744
2014-10-02 21:39:58.701+0000 INFO  [o.n.k.i.DiagnosticsManager]:   Neo4j Server (neo4j-server), version: 2.1.5; revision: 2.1.5:2.1-maint:529/45c3cc04946c2b0e243e48c8252e40cb85931744
2014-10-02 21:39:58.701+0000 INFO  [o.n.k.i.DiagnosticsManager]:   Neo4j - Graph Algorithms (neo4j-graph-algo), version: 2.1.5; revision: 2.1.5:2.1-maint:529/45c3cc04946c2b0e243e48c8252e40cb85931744
2014-10-02 21:39:58.701+0000 INFO  [o.n.k.i.DiagnosticsManager]:   Neo4j - Cypher Compiler 2.0 (neo4j-cypher-compiler-2.0), version: 2.0.3; revision: 2.0.3:2.0-maint:72/307c563c11b75fdc71cfa6df05daf9b08d6c37dc
2014-10-02 21:39:58.701+0000 INFO  [o.n.k.i.DiagnosticsManager]:   Neo4j - Generic shell (neo4j-shell), version: 2.1.5; revision: 2.1.5:2.1-maint:529/45c3cc04946c2b0e243e48c8252e40cb85931744
2014-10-02 21:39:58.701+0000 INFO  [o.n.k.i.DiagnosticsManager]:   Neo4j - Cypher Compiler 1.9 (neo4j-cypher-compiler-1.9), version: 2.0.3; revision: 2.0.3:2.0-maint:72/307c563c11b75fdc71cfa6df05daf9b08d6c37dc
2014-10-02 21:39:58.702+0000 INFO  [o.n.k.i.DiagnosticsManager]:   neo4j-udc, version: 2.1.5; revision: 2.1.5:2.1-maint:529/45c3cc04946c2b0e243e48c8252e40cb85931744
2014-10-02 21:39:58.702+0000 INFO  [o.n.k.i.DiagnosticsManager]:   Neo4j - Cypher Commons (neo4j-cypher-commons), version: 2.1.5; revision: 2.1.5:2.1-maint:529/45c3cc04946c2b0e243e48c8252e40cb85931744
2014-10-02 21:39:58.702+0000 INFO  [o.n.k.i.DiagnosticsManager]: --- STARTED diagnostics for KernelDiagnostics:Versions END ---
2014-10-02 21:39:58.704+0000 INFO  [o.n.k.i.DiagnosticsManager]: --- STARTED diagnostics for NEO_STORE_VERSIONS START ---
2014-10-02 21:39:58.704+0000 INFO  [o.n.k.i.DiagnosticsManager]: Store versions:
2014-10-02 21:39:58.704+0000 INFO  [o.n.k.i.DiagnosticsManager]: Store versions:
2014-10-02 21:39:58.704+0000 INFO  [o.n.k.i.DiagnosticsManager]:   NeoStore v0.A.3
2014-10-02 21:39:58.704+0000 INFO  [o.n.k.i.DiagnosticsManager]:   SchemaStore v0.A.3
2014-10-02 21:39:58.705+0000 INFO  [o.n.k.i.DiagnosticsManager]:   NodeStore v0.A.3
2014-10-02 21:39:58.705+0000 INFO  [o.n.k.i.DiagnosticsManager]:   RelationshipStore v0.A.3
2014-10-02 21:39:58.705+0000 INFO  [o.n.k.i.DiagnosticsManager]:   RelationshipTypeStore v0.A.3
2014-10-02 21:39:58.705+0000 INFO  [o.n.k.i.DiagnosticsManager]:   LabelTokenStore v0.A.3
2014-10-02 21:39:58.705+0000 INFO  [o.n.k.i.DiagnosticsManager]:   PropertyStore v0.A.3
2014-10-02 21:39:58.705+0000 INFO  [o.n.k.i.DiagnosticsManager]:   PropertyIndexStore v0.A.3
2014-10-02 21:39:58.705+0000 INFO  [o.n.k.i.DiagnosticsManager]:   StringPropertyStore v0.A.3
2014-10-02 21:39:58.705+0000 INFO  [o.n.k.i.DiagnosticsManager]:   ArrayPropertyStore v0.A.3
2014-10-02 21:39:58.705+0000 INFO  [o.n.k.i.DiagnosticsManager]:   RelationshipGroupStore v0.A.3
2014-10-02 21:39:58.705+0000 INFO  [o.n.k.i.DiagnosticsManager]: --- STARTED diagnostics for NEO_STORE_VERSIONS END ---
2014-10-02 21:39:58.705+0000 INFO  [o.n.k.i.DiagnosticsManager]: --- STARTED diagnostics for NEO_STORE_ID_USAGE START ---
2014-10-02 21:39:58.705+0000 INFO  [o.n.k.i.DiagnosticsManager]: Id usage:
2014-10-02 21:39:58.705+0000 INFO  [o.n.k.i.DiagnosticsManager]: Id usage:
2014-10-02 21:39:58.705+0000 INFO  [o.n.k.i.DiagnosticsManager]:   SchemaStore: used=1 high=0
2014-10-02 21:39:58.705+0000 INFO  [o.n.k.i.DiagnosticsManager]:   NodeStore: used=0 high=-1
2014-10-02 21:39:58.705+0000 INFO  [o.n.k.i.DiagnosticsManager]:   RelationshipStore: used=0 high=-1
2014-10-02 21:39:58.706+0000 INFO  [o.n.k.i.DiagnosticsManager]:   RelationshipTypeStore: used=0 high=-1
2014-10-02 21:39:58.706+0000 INFO  [o.n.k.i.DiagnosticsManager]:   LabelTokenStore: used=0 high=-1
2014-10-02 21:39:58.706+0000 INFO  [o.n.k.i.DiagnosticsManager]:   PropertyStore: used=0 high=-1
2014-10-02 21:39:58.706+0000 INFO  [o.n.k.i.DiagnosticsManager]:   PropertyIndexStore: used=0 high=-1
2014-10-02 21:39:58.706+0000 INFO  [o.n.k.i.DiagnosticsManager]:   StringPropertyStore: used=1 high=0
2014-10-02 21:39:58.706+0000 INFO  [o.n.k.i.DiagnosticsManager]:   ArrayPropertyStore: used=1 high=0
2014-10-02 21:39:58.706+0000 INFO  [o.n.k.i.DiagnosticsManager]:   RelationshipGroupStore: used=1 high=0
2014-10-02 21:39:58.706+0000 INFO  [o.n.k.i.DiagnosticsManager]: --- STARTED diagnostics for NEO_STORE_ID_USAGE END ---
2014-10-02 21:39:58.706+0000 INFO  [o.n.k.i.DiagnosticsManager]: --- STARTED diagnostics for PERSISTENCE_WINDOW_POOL_STATS START ---
2014-10-02 21:39:58.706+0000 INFO  [o.n.k.i.DiagnosticsManager]: --- STARTED diagnostics for PERSISTENCE_WINDOW_POOL_STATS END ---
2014-10-02 21:39:58.706+0000 INFO  [o.n.k.i.DiagnosticsManager]: --- STARTED diagnostics for KernelDiagnostics:StoreFiles START ---
2014-10-02 21:39:58.707+0000 INFO  [o.n.k.i.DiagnosticsManager]: Disk space on partition (Total / Free / Free %): 499418034176 / 215450427392 / 43
Storage files: (filename : modification date - size)
2014-10-02 21:39:58.707+0000 INFO  [o.n.k.i.DiagnosticsManager]:   active_tx_log: 2014-10-02T14:39:58-0700 - 11.00 B
2014-10-02 21:39:58.708+0000 INFO  [o.n.k.i.DiagnosticsManager]:   index:
2014-10-02 21:39:58.708+0000 INFO  [o.n.k.i.DiagnosticsManager]:     lucene-store.db: 2014-10-02T14:39:58-0700 - 40.00 B
2014-10-02 21:39:58.708+0000 INFO  [o.n.k.i.DiagnosticsManager]:     lucene.log.1: 2014-10-02T14:39:58-0700 - 16.00 B
2014-10-02 21:39:58.709+0000 INFO  [o.n.k.i.DiagnosticsManager]:     lucene.log.active: 2014-10-02T14:39:58-0700 - 4.00 B
2014-10-02 21:39:58.709+0000 INFO  [o.n.k.i.DiagnosticsManager]:   - Total: 2014-10-02T14:39:58-0700 - 60.00 B
2014-10-02 21:39:58.709+0000 INFO  [o.n.k.i.DiagnosticsManager]:   lock: 2014-10-02T14:39:58-0700 - 0.00 B
2014-10-02 21:39:58.710+0000 INFO  [o.n.k.i.DiagnosticsManager]:   messages.log: 2014-10-02T14:39:58-0700 - 47.24 kB
2014-10-02 21:39:58.710+0000 INFO  [o.n.k.i.DiagnosticsManager]:   neostore: 2014-10-02T14:39:58-0700 - 81.00 B
2014-10-02 21:39:58.710+0000 INFO  [o.n.k.i.DiagnosticsManager]:   neostore.id: 2014-10-02T14:39:58-0700 - 9.00 B
2014-10-02 21:39:58.710+0000 INFO  [o.n.k.i.DiagnosticsManager]:   neostore.labeltokenstore.db: 2014-10-02T14:39:58-0700 - 0.00 B
2014-10-02 21:39:58.711+0000 INFO  [o.n.k.i.DiagnosticsManager]:   neostore.labeltokenstore.db.id: 2014-10-02T14:39:58-0700 - 9.00 B
2014-10-02 21:39:58.711+0000 INFO  [o.n.k.i.DiagnosticsManager]:   neostore.labeltokenstore.db.names: 2014-10-02T14:39:58-0700 - 38.00 B
2014-10-02 21:39:58.711+0000 INFO  [o.n.k.i.DiagnosticsManager]:   neostore.labeltokenstore.db.names.id: 2014-10-02T14:39:58-0700 - 9.00 B
2014-10-02 21:39:58.711+0000 INFO  [o.n.k.i.DiagnosticsManager]:   neostore.nodestore.db: 2014-10-02T14:39:58-0700 - 0.00 B
2014-10-02 21:39:58.711+0000 INFO  [o.n.k.i.DiagnosticsManager]:   neostore.nodestore.db.id: 2014-10-02T14:39:58-0700 - 9.00 B
2014-10-02 21:39:58.712+0000 INFO  [o.n.k.i.DiagnosticsManager]:   neostore.nodestore.db.labels: 2014-10-02T14:39:58-0700 - 68.00 B
2014-10-02 21:39:58.712+0000 INFO  [o.n.k.i.DiagnosticsManager]:   neostore.nodestore.db.labels.id: 2014-10-02T14:39:58-0700 - 9.00 B
2014-10-02 21:39:58.712+0000 INFO  [o.n.k.i.DiagnosticsManager]:   neostore.propertystore.db: 2014-10-02T14:39:58-0700 - 0.00 B
2014-10-02 21:39:58.712+0000 INFO  [o.n.k.i.DiagnosticsManager]:   neostore.propertystore.db.arrays: 2014-10-02T14:39:58-0700 - 128.00 B
2014-10-02 21:39:58.712+0000 INFO  [o.n.k.i.DiagnosticsManager]:   neostore.propertystore.db.arrays.id: 2014-10-02T14:39:58-0700 - 9.00 B
2014-10-02 21:39:58.713+0000 INFO  [o.n.k.i.DiagnosticsManager]:   neostore.propertystore.db.id: 2014-10-02T14:39:58-0700 - 9.00 B
2014-10-02 21:39:58.713+0000 INFO  [o.n.k.i.DiagnosticsManager]:   neostore.propertystore.db.index: 2014-10-02T14:39:58-0700 - 0.00 B
2014-10-02 21:39:58.713+0000 INFO  [o.n.k.i.DiagnosticsManager]:   neostore.propertystore.db.index.id: 2014-10-02T14:39:58-0700 - 9.00 B
2014-10-02 21:39:58.714+0000 INFO  [o.n.k.i.DiagnosticsManager]:   neostore.propertystore.db.index.keys: 2014-10-02T14:39:58-0700 - 38.00 B
2014-10-02 21:39:58.714+0000 INFO  [o.n.k.i.DiagnosticsManager]:   neostore.propertystore.db.index.keys.id: 2014-10-02T14:39:58-0700 - 9.00 B
2014-10-02 21:39:58.714+0000 INFO  [o.n.k.i.DiagnosticsManager]:   neostore.propertystore.db.strings: 2014-10-02T14:39:58-0700 - 128.00 B
2014-10-02 21:39:58.714+0000 INFO  [o.n.k.i.DiagnosticsManager]:   neostore.propertystore.db.strings.id: 2014-10-02T14:39:58-0700 - 9.00 B
2014-10-02 21:39:58.715+0000 INFO  [o.n.k.i.DiagnosticsManager]:   neostore.relationshipgroupstore.db: 2014-10-02T14:39:58-0700 - 25.00 B
2014-10-02 21:39:58.715+0000 INFO  [o.n.k.i.DiagnosticsManager]:   neostore.relationshipgroupstore.db.id: 2014-10-02T14:39:58-0700 - 9.00 B
2014-10-02 21:39:58.715+0000 INFO  [o.n.k.i.DiagnosticsManager]:   neostore.relationshipstore.db: 2014-10-02T14:39:58-0700 - 0.00 B
2014-10-02 21:39:58.715+0000 INFO  [o.n.k.i.DiagnosticsManager]:   neostore.relationshipstore.db.id: 2014-10-02T14:39:58-0700 - 9.00 B
2014-10-02 21:39:58.716+0000 INFO  [o.n.k.i.DiagnosticsManager]:   neostore.relationshiptypestore.db: 2014-10-02T14:39:58-0700 - 0.00 B
2014-10-02 21:39:58.716+0000 INFO  [o.n.k.i.DiagnosticsManager]:   neostore.relationshiptypestore.db.id: 2014-10-02T14:39:58-0700 - 9.00 B
2014-10-02 21:39:58.716+0000 INFO  [o.n.k.i.DiagnosticsManager]:   neostore.relationshiptypestore.db.names: 2014-10-02T14:39:58-0700 - 38.00 B
2014-10-02 21:39:58.716+0000 INFO  [o.n.k.i.DiagnosticsManager]:   neostore.relationshiptypestore.db.names.id: 2014-10-02T14:39:58-0700 - 9.00 B
2014-10-02 21:39:58.717+0000 INFO  [o.n.k.i.DiagnosticsManager]:   neostore.schemastore.db: 2014-10-02T14:39:58-0700 - 64.00 B
2014-10-02 21:39:58.717+0000 INFO  [o.n.k.i.DiagnosticsManager]:   neostore.schemastore.db.id: 2014-10-02T14:39:58-0700 - 9.00 B
2014-10-02 21:39:58.717+0000 INFO  [o.n.k.i.DiagnosticsManager]:   nioneo_logical.log.1: 2014-10-02T14:39:58-0700 - 16.00 B
2014-10-02 21:39:58.717+0000 INFO  [o.n.k.i.DiagnosticsManager]:   nioneo_logical.log.active: 2014-10-02T14:39:58-0700 - 4.00 B
2014-10-02 21:39:58.717+0000 INFO  [o.n.k.i.DiagnosticsManager]:   schema:
2014-10-02 21:39:58.717+0000 INFO  [o.n.k.i.DiagnosticsManager]:     label:
2014-10-02 21:39:58.718+0000 INFO  [o.n.k.i.DiagnosticsManager]:       lucene:
2014-10-02 21:39:58.718+0000 INFO  [o.n.k.i.DiagnosticsManager]:         write.lock: 2014-10-02T14:39:58-0700 - 0.00 B
2014-10-02 21:39:58.718+0000 INFO  [o.n.k.i.DiagnosticsManager]:       - Total: 2014-10-02T14:39:58-0700 - 0.00 B
2014-10-02 21:39:58.718+0000 INFO  [o.n.k.i.DiagnosticsManager]:     - Total: 2014-10-02T14:39:58-0700 - 0.00 B
2014-10-02 21:39:58.719+0000 INFO  [o.n.k.i.DiagnosticsManager]:   - Total: 2014-10-02T14:39:58-0700 - 0.00 B
2014-10-02 21:39:58.719+0000 INFO  [o.n.k.i.DiagnosticsManager]:   store_lock: 2014-10-02T14:39:58-0700 - 0.00 B
2014-10-02 21:39:58.719+0000 INFO  [o.n.k.i.DiagnosticsManager]:   tm_tx_log.1: 2014-10-02T14:39:58-0700 - 0.00 B
2014-10-02 21:39:58.719+0000 INFO  [o.n.k.i.DiagnosticsManager]: --- STARTED diagnostics for KernelDiagnostics:StoreFiles END ---
2014-10-02 21:39:58.756+0000 INFO  [o.n.k.EmbeddedGraphDatabase]: Database is now ready
2014-10-02 21:39:59.303+0000 INFO  [o.n.s.d.LifecycleManagingDatabase]: Successfully started database
2014-10-02 21:39:59.303+0000 INFO  [o.n.k.i.DiagnosticsManager]: --- SERVER STARTED START ---
2014-10-02 21:39:59.362+0000 INFO  [o.n.s.CommunityNeoServer]: Starting HTTP on port :7474 with 80 threads available
2014-10-02 21:39:59.579+0000 INFO  [o.n.s.CommunityNeoServer]: Enabling HTTPS on port :7473
2014-10-02 21:39:59.579+0000 INFO  [o.n.s.CommunityNeoServer]: No SSL certificate found, generating a self-signed certificate..
2014-10-02 21:39:59.788+0000 INFO  [o.n.k.i.DiagnosticsManager]: --- STARTED diagnostics for org.neo4j.server.configuration.Configurator START ---
2014-10-02 21:39:59.790+0000 INFO  [o.n.k.i.DiagnosticsManager]: Server configuration:
2014-10-02 21:39:59.790+0000 INFO  [o.n.k.i.DiagnosticsManager]: org.neo4j.server.database.location = data/graph.db
2014-10-02 21:39:59.790+0000 INFO  [o.n.k.i.DiagnosticsManager]: org.neo4j.server.webserver.port = 7474
2014-10-02 21:39:59.790+0000 INFO  [o.n.k.i.DiagnosticsManager]: org.neo4j.server.webserver.https.enabled = true
2014-10-02 21:39:59.790+0000 INFO  [o.n.k.i.DiagnosticsManager]: org.neo4j.server.webserver.https.port = 7473
2014-10-02 21:39:59.790+0000 INFO  [o.n.k.i.DiagnosticsManager]: org.neo4j.server.webserver.https.cert.location = conf/ssl/snakeoil.cert
2014-10-02 21:39:59.790+0000 INFO  [o.n.k.i.DiagnosticsManager]: org.neo4j.server.webserver.https.key.location = conf/ssl/snakeoil.key
2014-10-02 21:39:59.790+0000 INFO  [o.n.k.i.DiagnosticsManager]: org.neo4j.server.webserver.https.keystore.location = data/keystore
2014-10-02 21:39:59.790+0000 INFO  [o.n.k.i.DiagnosticsManager]: org.neo4j.server.webadmin.rrdb.location = data/rrd
2014-10-02 21:39:59.790+0000 INFO  [o.n.k.i.DiagnosticsManager]: org.neo4j.server.db.tuning.properties = conf/neo4j.properties
2014-10-02 21:39:59.790+0000 INFO  [o.n.k.i.DiagnosticsManager]: org.neo4j.server.manage.console_engines = shell
2014-10-02 21:39:59.790+0000 INFO  [o.n.k.i.DiagnosticsManager]: org.neo4j.server.http.log.enabled = false
2014-10-02 21:39:59.790+0000 INFO  [o.n.k.i.DiagnosticsManager]: org.neo4j.server.http.log.config = conf/neo4j-http-logging.xml
2014-10-02 21:39:59.790+0000 INFO  [o.n.k.i.DiagnosticsManager]: org.neo4j.server.webadmin.management.uri = /db/manage/
2014-10-02 21:39:59.791+0000 INFO  [o.n.k.i.DiagnosticsManager]: org.neo4j.server.webadmin.data.uri = /db/data/
2014-10-02 21:39:59.791+0000 INFO  [o.n.k.i.DiagnosticsManager]: --- STARTED diagnostics for org.neo4j.server.configuration.Configurator END ---
2014-10-02 21:39:59.795+0000 INFO  [o.n.s.m.DiscoveryModule]: Mounted discovery module at [/]
2014-10-02 21:39:59.801+0000 INFO  [o.n.s.m.RESTApiModule]: Mounted REST API at [/db/data/]
2014-10-02 21:39:59.803+0000 INFO  [o.n.s.m.ManagementApiModule]: Mounted management API at [/db/manage/]
2014-10-02 21:39:59.803+0000 INFO  [o.n.s.m.WebAdminModule]: Mounted webadmin at [/webadmin]
2014-10-02 21:39:59.803+0000 INFO  [o.n.s.m.Neo4jBrowserModule]: Mounted Neo4j Browser at [/browser]
2014-10-02 21:39:59.869+0000 INFO  [o.n.s.w.Jetty9WebServer]: Mounting static content at [/webadmin] from [webadmin-html]
2014-10-02 21:39:59.917+0000 INFO  [o.n.s.w.Jetty9WebServer]: Mounting static content at [/browser] from [browser]
2014-10-02 21:40:01.030+0000 INFO  [o.n.s.CommunityNeoServer]: Server started on: http://localhost:7474/
2014-10-02 21:40:01.030+0000 INFO  [o.n.s.CommunityNeoServer]: Remote interface ready and available at [http://localhost:7474/]
2014-10-02 21:40:01.030+0000 INFO  [o.n.k.i.DiagnosticsManager]: --- SERVER STARTED END ---
